#! /c/Source/iverilog-install/bin/vvp
:ivl_version "12.0 (devel)" "(s20150603-1539-g2693dd32b)";
:ivl_delay_selection "TYPICAL";
:vpi_time_precision + 0;
:vpi_module "C:\iverilog\lib\ivl\system.vpi";
:vpi_module "C:\iverilog\lib\ivl\vhdl_sys.vpi";
:vpi_module "C:\iverilog\lib\ivl\vhdl_textio.vpi";
:vpi_module "C:\iverilog\lib\ivl\v2005_math.vpi";
:vpi_module "C:\iverilog\lib\ivl\va_math.vpi";
S_000001f14caad810 .scope module, "cpu" "cpu" 2 4;
 .timescale 0 0;
    .port_info 0 /INPUT 1 "clk";
    .port_info 1 /INPUT 1 "reset";
    .port_info 2 /INPUT 16 "instruction";
    .port_info 3 /OUTPUT 5 "address_memory_inst";
    .port_info 4 /OUTPUT 1 "read_inst_enable";
    .port_info 5 /OUTPUT 16 "memory_data_out";
    .port_info 6 /INPUT 16 "memory_data_in";
    .port_info 7 /OUTPUT 1 "read_data_enable";
    .port_info 8 /OUTPUT 1 "write_data_enable";
    .port_info 9 /OUTPUT 10 "address_memory_data";
    .port_info 10 /INPUT 16 "result_alu";
    .port_info 11 /OUTPUT 16 "operand_a";
    .port_info 12 /OUTPUT 16 "operand_b";
    .port_info 13 /OUTPUT 4 "op_ALU";
    .port_info 14 /INPUT 1 "stack_full_operations";
    .port_info 15 /INPUT 1 "stack_empty_operations";
    .port_info 16 /OUTPUT 1 "stack_push_operations";
    .port_info 17 /OUTPUT 1 "stack_pop_operations";
    .port_info 18 /INPUT 16 "stack_data_out_operations";
    .port_info 19 /OUTPUT 16 "stack_data_in_operations";
    .port_info 20 /INPUT 1 "stack_full_subroutines";
    .port_info 21 /INPUT 1 "stack_empty_subroutines";
    .port_info 22 /OUTPUT 1 "stack_push_subroutines";
    .port_info 23 /OUTPUT 1 "stack_pop_subroutines";
    .port_info 24 /INPUT 16 "stack_data_out_subroutines";
    .port_info 25 /OUTPUT 16 "stack_data_in_subroutines";
P_000001f14cab14c0 .param/l "ADD" 1 2 50, +C4<00000000000000000000000000000100>;
P_000001f14cab14f8 .param/l "AND" 1 2 54, +C4<00000000000000000000000000001000>;
P_000001f14cab1530 .param/l "AWIDTH" 0 2 5, +C4<00000000000000000000000000000101>;
P_000001f14cab1568 .param/l "CALL" 1 2 66, +C4<00000000000000000000000000010100>;
P_000001f14cab15a0 .param/l "CMP" 1 2 58, +C4<00000000000000000000000000001100>;
P_000001f14cab15d8 .param/l "CMP_IF_EQ" 1 2 83, +C4<00000000000000000000000000001111>;
P_000001f14cab1610 .param/l "CMP_IF_GE" 1 2 89, +C4<00000000000000000000000000010101>;
P_000001f14cab1648 .param/l "CMP_IF_GT" 1 2 85, +C4<00000000000000000000000000010001>;
P_000001f14cab1680 .param/l "CMP_IF_LE" 1 2 91, +C4<00000000000000000000000000010111>;
P_000001f14cab16b8 .param/l "CMP_IF_LT" 1 2 87, +C4<00000000000000000000000000010011>;
P_000001f14cab16f0 .param/l "DECODE" 1 2 73, +C4<00000000000000000000000000000011>;
P_000001f14cab1728 .param/l "DIV" 1 2 53, +C4<00000000000000000000000000000111>;
P_000001f14cab1760 .param/l "ENABLE_WRITE_DATA" 1 2 80, +C4<00000000000000000000000000001011>;
P_000001f14cab1798 .param/l "GET_DATA" 1 2 78, +C4<00000000000000000000000000001000>;
P_000001f14cab17d0 .param/l "GET_INST" 1 2 71, +C4<00000000000000000000000000000001>;
P_000001f14cab1808 .param/l "GET_TEMP1" 1 2 95, +C4<00000000000000000000000000011011>;
P_000001f14cab1840 .param/l "GET_TEMP2" 1 2 96, +C4<00000000000000000000000000011100>;
P_000001f14cab1878 .param/l "GOTO" 1 2 60, +C4<00000000000000000000000000001110>;
P_000001f14cab18b0 .param/l "IF_EQ" 1 2 61, +C4<00000000000000000000000000001111>;
P_000001f14cab18e8 .param/l "IF_GE" 1 2 64, +C4<00000000000000000000000000010010>;
P_000001f14cab1920 .param/l "IF_GT" 1 2 62, +C4<00000000000000000000000000010000>;
P_000001f14cab1958 .param/l "IF_LE" 1 2 65, +C4<00000000000000000000000000010011>;
P_000001f14cab1990 .param/l "IF_LT" 1 2 63, +C4<00000000000000000000000000010001>;
P_000001f14cab19c8 .param/l "LOAD_INST" 1 2 70, +C4<00000000000000000000000000000000>;
P_000001f14cab1a00 .param/l "MUL" 1 2 52, +C4<00000000000000000000000000000110>;
P_000001f14cab1a38 .param/l "NAND" 1 2 55, +C4<00000000000000000000000000001001>;
P_000001f14cab1a70 .param/l "NOT" 1 2 59, +C4<00000000000000000000000000001101>;
P_000001f14cab1aa8 .param/l "OP_ALU" 1 2 76, +C4<00000000000000000000000000000110>;
P_000001f14cab1ae0 .param/l "OR" 1 2 56, +C4<00000000000000000000000000001010>;
P_000001f14cab1b18 .param/l "PCOUNTER_INC" 1 2 72, +C4<00000000000000000000000000000010>;
P_000001f14cab1b50 .param/l "POP" 1 2 49, +C4<00000000000000000000000000000011>;
P_000001f14cab1b88 .param/l "POP_IF_EQ" 1 2 82, +C4<00000000000000000000000000001110>;
P_000001f14cab1bc0 .param/l "POP_IF_GE" 1 2 88, +C4<00000000000000000000000000010100>;
P_000001f14cab1bf8 .param/l "POP_IF_GT" 1 2 84, +C4<00000000000000000000000000010000>;
P_000001f14cab1c30 .param/l "POP_IF_LE" 1 2 90, +C4<00000000000000000000000000010110>;
P_000001f14cab1c68 .param/l "POP_IF_LT" 1 2 86, +C4<00000000000000000000000000010010>;
P_000001f14cab1ca0 .param/l "POP_SUBROUTINE" 1 2 93, +C4<00000000000000000000000000011001>;
P_000001f14cab1cd8 .param/l "POP_TEMP1" 1 2 74, +C4<00000000000000000000000000000100>;
P_000001f14cab1d10 .param/l "POP_TEMP2" 1 2 75, +C4<00000000000000000000000000000101>;
P_000001f14cab1d48 .param/l "PUSH" 1 2 46, +C4<00000000000000000000000000000000>;
P_000001f14cab1d80 .param/l "PUSH_I" 1 2 47, +C4<00000000000000000000000000000001>;
P_000001f14cab1db8 .param/l "PUSH_M" 1 2 79, +C4<00000000000000000000000000001001>;
P_000001f14cab1df0 .param/l "PUSH_OP_RESULT" 1 2 77, +C4<00000000000000000000000000000111>;
P_000001f14cab1e28 .param/l "PUSH_SUBROUTINE" 1 2 92, +C4<00000000000000000000000000011000>;
P_000001f14cab1e60 .param/l "PUSH_T" 1 2 48, +C4<00000000000000000000000000000010>;
P_000001f14cab1e98 .param/l "RET" 1 2 67, +C4<00000000000000000000000000010101>;
P_000001f14cab1ed0 .param/l "SUB" 1 2 51, +C4<00000000000000000000000000000101>;
P_000001f14cab1f08 .param/l "UPDATE_PCOUNTER" 1 2 94, +C4<00000000000000000000000000011010>;
P_000001f14cab1f40 .param/l "WIDTH_DATA" 0 2 5, +C4<00000000000000000000000000010000>;
P_000001f14cab1f78 .param/l "WRITE_DATA" 1 2 81, +C4<00000000000000000000000000001101>;
P_000001f14cab1fb0 .param/l "XOR" 1 2 57, +C4<00000000000000000000000000001011>;
v000001f14cb12e20_0 .var "TOS", 15 0;
v000001f14cb12a60_0 .var "Temp1", 15 0;
v000001f14cb12ec0_0 .var "Temp2", 15 0;
v000001f14cb12b00_0 .var "address_memory_data", 9 0;
v000001f14cb12c40_0 .var "address_memory_inst", 4 0;
o000001f14cab2178 .functor BUFZ 1, C4<z>; HiZ drive
v000001f14cb12ce0_0 .net "clk", 0 0, o000001f14cab2178;  0 drivers
o000001f14cab28c8 .functor BUFZ 16, C4<zzzzzzzzzzzzzzzz>; HiZ drive
v000001f14cb12100_0 .net "instruction", 15 0, o000001f14cab28c8;  0 drivers
o000001f14cab28f8 .functor BUFZ 16, C4<zzzzzzzzzzzzzzzz>; HiZ drive
v000001f14caf6540_0 .net "memory_data_in", 15 0, o000001f14cab28f8;  0 drivers
v000001f14caf62c0_0 .var "memory_data_out", 15 0;
v000001f14caf7d00_0 .var "next_state", 5 0;
v000001f14caf7440_0 .var "op_ALU", 3 0;
v000001f14caf69a0_0 .var "operand", 10 0;
v000001f14caf6900_0 .var "operand_a", 15 0;
v000001f14caf7bc0_0 .var "operand_b", 15 0;
v000001f14caf6720_0 .var "operation", 4 0;
v000001f14caf73a0_0 .var "pcounter", 4 0;
v000001f14caf6cc0_0 .var "read_data_enable", 0 0;
v000001f14caf7e40_0 .var "read_inst_enable", 0 0;
o000001f14cab22c8 .functor BUFZ 1, C4<z>; HiZ drive
v000001f14caf6a40_0 .net "reset", 0 0, o000001f14cab22c8;  0 drivers
v000001f14caf7c60_0 .net "result_alu", 15 0, v000001f14ca98020_0;  1 drivers
v000001f14caf7580_0 .net "smp_empty_operations", 0 0, v000001f14caa7dc0_0;  1 drivers
v000001f14caf7120_0 .var "stack_data_in_operations", 15 0;
v000001f14caf7800_0 .var "stack_data_in_subroutines", 15 0;
v000001f14caf6ae0_0 .net "stack_data_out_operations", 15 0, v000001f14ca9b6f0_0;  1 drivers
v000001f14caf6b80_0 .net "stack_data_out_subroutines", 15 0, v000001f14cb12740_0;  1 drivers
o000001f14cab2aa8 .functor BUFZ 1, C4<z>; HiZ drive
v000001f14caf7760_0 .net "stack_empty_operations", 0 0, o000001f14cab2aa8;  0 drivers
v000001f14caf67c0_0 .net "stack_empty_subroutines", 0 0, v000001f14cb12ba0_0;  1 drivers
v000001f14caf7f80_0 .net "stack_full_operations", 0 0, v000001f14cb12560_0;  1 drivers
v000001f14caf78a0_0 .net "stack_full_subroutines", 0 0, v000001f14cb12060_0;  1 drivers
v000001f14caf7260_0 .var "stack_pop_operations", 0 0;
v000001f14caf74e0_0 .var "stack_pop_subroutines", 0 0;
v000001f14caf6ea0_0 .var "stack_push_operations", 0 0;
v000001f14caf65e0_0 .var "stack_push_subroutines", 0 0;
v000001f14caf6220_0 .var "state", 5 0;
v000001f14caf6180_0 .var "write_data_enable", 0 0;
E_000001f14ca91bd0/0 .event anyedge, v000001f14caf6220_0, v000001f14caf73a0_0, v000001f14caf6720_0, v000001f14caf69a0_0;
E_000001f14ca91bd0/1 .event anyedge, v000001f14cb12a60_0, v000001f14ca9b6f0_0, v000001f14cb12ec0_0, v000001f14ca98020_0;
E_000001f14ca91bd0/2 .event anyedge, v000001f14caf6540_0, v000001f14cb12e20_0, v000001f14cb12740_0, v000001f14cb12060_0;
E_000001f14ca91bd0 .event/or E_000001f14ca91bd0/0, E_000001f14ca91bd0/1, E_000001f14ca91bd0/2;
E_000001f14ca91dd0 .event anyedge, v000001f14cb12100_0;
L_000001f14caf6f40 .part o000001f14cab28c8, 11, 5;
S_000001f14ca4b330 .scope module, "alu_cpu" "alu" 2 102, 3 1 0, S_000001f14caad810;
 .timescale 0 0;
    .port_info 0 /INPUT 16 "operand_a";
    .port_info 1 /INPUT 16 "operand_b";
    .port_info 2 /INPUT 5 "op_code";
    .port_info 3 /OUTPUT 16 "result";
P_000001f14ca581b0 .param/l "ADD" 1 3 12, +C4<00000000000000000000000000000100>;
P_000001f14ca581e8 .param/l "AND" 1 3 16, +C4<00000000000000000000000000001000>;
P_000001f14ca58220 .param/l "CMP" 1 3 20, +C4<00000000000000000000000000001100>;
P_000001f14ca58258 .param/l "DIV" 1 3 15, +C4<00000000000000000000000000000111>;
P_000001f14ca58290 .param/l "MUL" 1 3 14, +C4<00000000000000000000000000000110>;
P_000001f14ca582c8 .param/l "NAND" 1 3 17, +C4<00000000000000000000000000001001>;
P_000001f14ca58300 .param/l "NOT" 1 3 21, +C4<00000000000000000000000000001101>;
P_000001f14ca58338 .param/l "OR" 1 3 18, +C4<00000000000000000000000000001010>;
P_000001f14ca58370 .param/l "SUB" 1 3 13, +C4<00000000000000000000000000000101>;
P_000001f14ca583a8 .param/l "WIDTH_DATA" 0 3 2, +C4<00000000000000000000000000010000>;
P_000001f14ca583e0 .param/l "XOR" 1 3 19, +C4<00000000000000000000000000001011>;
v000001f14ca44090_0 .net "op_code", 4 0, L_000001f14caf6f40;  1 drivers
v000001f14ca418c0_0 .net "operand_a", 15 0, v000001f14caf6900_0;  1 drivers
v000001f14ca12db0_0 .net "operand_b", 15 0, v000001f14caf7bc0_0;  1 drivers
v000001f14ca98020_0 .var "result", 15 0;
E_000001f14ca91150 .event anyedge, v000001f14ca44090_0, v000001f14ca418c0_0, v000001f14ca12db0_0;
S_000001f14ca58420 .scope module, "stack_operations" "stack" 2 110, 4 1 0, S_000001f14caad810;
 .timescale 0 0;
    .port_info 0 /INPUT 1 "clk";
    .port_info 1 /INPUT 1 "reset";
    .port_info 2 /INPUT 1 "push";
    .port_info 3 /INPUT 1 "pop";
    .port_info 4 /INPUT 16 "data_in";
    .port_info 5 /OUTPUT 16 "data_out";
    .port_info 6 /OUTPUT 1 "full";
    .port_info 7 /OUTPUT 1 "empty";
P_000001f14c9faa30 .param/l "DEPTH" 0 4 2, +C4<00000000000000000000000000100000>;
P_000001f14c9faa68 .param/l "WIDTH_DATA" 0 4 2, +C4<00000000000000000000000000010000>;
v000001f14ca12b70_0 .net "clk", 0 0, o000001f14cab2178;  alias, 0 drivers
v000001f14caa8e70_0 .net "data_in", 15 0, v000001f14caf7120_0;  1 drivers
v000001f14ca9b6f0_0 .var "data_out", 15 0;
v000001f14caa7dc0_0 .var "empty", 0 0;
v000001f14cb12560_0 .var "full", 0 0;
v000001f14cb122e0_0 .net "pop", 0 0, v000001f14caf7260_0;  1 drivers
v000001f14cb12420_0 .net "push", 0 0, v000001f14caf6ea0_0;  1 drivers
v000001f14cb124c0_0 .net "reset", 0 0, o000001f14cab22c8;  alias, 0 drivers
v000001f14cb12f60 .array "stack", 0 31, 15 0;
v000001f14cb12880_0 .var "topPositionStack", 31 0;
v000001f14cb121a0_0 .var "topPositionStack_next", 31 0;
E_000001f14ca91e10 .event posedge, v000001f14ca12b70_0;
E_000001f14ca917d0/0 .event anyedge, v000001f14cb12420_0, v000001f14cb12560_0, v000001f14cb12880_0, v000001f14cb122e0_0;
E_000001f14ca917d0/1 .event anyedge, v000001f14caa7dc0_0;
E_000001f14ca917d0 .event/or E_000001f14ca917d0/0, E_000001f14ca917d0/1;
E_000001f14ca91e90 .event anyedge, v000001f14cb12880_0;
S_000001f14cb13020 .scope module, "stack_subroutines" "stack" 2 122, 4 1 0, S_000001f14caad810;
 .timescale 0 0;
    .port_info 0 /INPUT 1 "clk";
    .port_info 1 /INPUT 1 "reset";
    .port_info 2 /INPUT 1 "push";
    .port_info 3 /INPUT 1 "pop";
    .port_info 4 /INPUT 16 "data_in";
    .port_info 5 /OUTPUT 16 "data_out";
    .port_info 6 /OUTPUT 1 "full";
    .port_info 7 /OUTPUT 1 "empty";
P_000001f14c9f9030 .param/l "DEPTH" 0 4 2, +C4<00000000000000000000000000100000>;
P_000001f14c9f9068 .param/l "WIDTH_DATA" 0 4 2, +C4<00000000000000000000000000010000>;
v000001f14cb126a0_0 .net "clk", 0 0, o000001f14cab2178;  alias, 0 drivers
v000001f14cb12d80_0 .net "data_in", 15 0, v000001f14caf7800_0;  1 drivers
v000001f14cb12740_0 .var "data_out", 15 0;
v000001f14cb12ba0_0 .var "empty", 0 0;
v000001f14cb12060_0 .var "full", 0 0;
v000001f14cb127e0_0 .net "pop", 0 0, v000001f14caf74e0_0;  1 drivers
v000001f14cb12600_0 .net "push", 0 0, v000001f14caf65e0_0;  1 drivers
v000001f14cb12380_0 .net "reset", 0 0, o000001f14cab22c8;  alias, 0 drivers
v000001f14cb12920 .array "stack", 0 31, 15 0;
v000001f14cb129c0_0 .var "topPositionStack", 31 0;
v000001f14cb12240_0 .var "topPositionStack_next", 31 0;
E_000001f14ca91010/0 .event anyedge, v000001f14cb12600_0, v000001f14cb12060_0, v000001f14cb129c0_0, v000001f14cb127e0_0;
E_000001f14ca91010/1 .event anyedge, v000001f14cb12ba0_0;
E_000001f14ca91010 .event/or E_000001f14ca91010/0, E_000001f14ca91010/1;
E_000001f14ca91f90 .event anyedge, v000001f14cb129c0_0;
    .scope S_000001f14ca4b330;
T_0 ;
    %wait E_000001f14ca91150;
    %pushi/vec4 0, 0, 16;
    %store/vec4 v000001f14ca98020_0, 0, 16;
    %load/vec4 v000001f14ca44090_0;
    %dup/vec4;
    %pushi/vec4 4, 0, 5;
    %cmp/u;
    %jmp/1 T_0.0, 6;
    %dup/vec4;
    %pushi/vec4 5, 0, 5;
    %cmp/u;
    %jmp/1 T_0.1, 6;
    %dup/vec4;
    %pushi/vec4 6, 0, 5;
    %cmp/u;
    %jmp/1 T_0.2, 6;
    %dup/vec4;
    %pushi/vec4 7, 0, 5;
    %cmp/u;
    %jmp/1 T_0.3, 6;
    %dup/vec4;
    %pushi/vec4 8, 0, 5;
    %cmp/u;
    %jmp/1 T_0.4, 6;
    %dup/vec4;
    %pushi/vec4 9, 0, 5;
    %cmp/u;
    %jmp/1 T_0.5, 6;
    %dup/vec4;
    %pushi/vec4 10, 0, 5;
    %cmp/u;
    %jmp/1 T_0.6, 6;
    %dup/vec4;
    %pushi/vec4 13, 0, 5;
    %cmp/u;
    %jmp/1 T_0.7, 6;
    %dup/vec4;
    %pushi/vec4 12, 0, 5;
    %cmp/u;
    %jmp/1 T_0.8, 6;
    %pushi/vec4 0, 0, 16;
    %store/vec4 v000001f14ca98020_0, 0, 16;
    %jmp T_0.10;
T_0.0 ;
    %load/vec4 v000001f14ca418c0_0;
    %load/vec4 v000001f14ca12db0_0;
    %add;
    %store/vec4 v000001f14ca98020_0, 0, 16;
    %jmp T_0.10;
T_0.1 ;
    %load/vec4 v000001f14ca418c0_0;
    %load/vec4 v000001f14ca12db0_0;
    %sub;
    %store/vec4 v000001f14ca98020_0, 0, 16;
    %jmp T_0.10;
T_0.2 ;
    %load/vec4 v000001f14ca418c0_0;
    %load/vec4 v000001f14ca12db0_0;
    %mul;
    %store/vec4 v000001f14ca98020_0, 0, 16;
    %jmp T_0.10;
T_0.3 ;
    %load/vec4 v000001f14ca12db0_0;
    %pad/u 32;
    %cmpi/ne 0, 0, 32;
    %jmp/0xz  T_0.11, 4;
    %load/vec4 v000001f14ca418c0_0;
    %load/vec4 v000001f14ca12db0_0;
    %div;
    %store/vec4 v000001f14ca98020_0, 0, 16;
    %jmp T_0.12;
T_0.11 ;
    %pushi/vec4 0, 0, 16;
    %store/vec4 v000001f14ca98020_0, 0, 16;
T_0.12 ;
    %jmp T_0.10;
T_0.4 ;
    %load/vec4 v000001f14ca418c0_0;
    %load/vec4 v000001f14ca12db0_0;
    %and;
    %store/vec4 v000001f14ca98020_0, 0, 16;
    %jmp T_0.10;
T_0.5 ;
    %load/vec4 v000001f14ca418c0_0;
    %load/vec4 v000001f14ca12db0_0;
    %and;
    %inv;
    %store/vec4 v000001f14ca98020_0, 0, 16;
    %jmp T_0.10;
T_0.6 ;
    %load/vec4 v000001f14ca418c0_0;
    %load/vec4 v000001f14ca12db0_0;
    %or;
    %store/vec4 v000001f14ca98020_0, 0, 16;
    %jmp T_0.10;
T_0.7 ;
    %load/vec4 v000001f14ca418c0_0;
    %inv;
    %store/vec4 v000001f14ca98020_0, 0, 16;
    %jmp T_0.10;
T_0.8 ;
    %load/vec4 v000001f14ca418c0_0;
    %load/vec4 v000001f14ca12db0_0;
    %cmp/e;
    %jmp/0xz  T_0.13, 4;
    %pushi/vec4 0, 0, 16;
    %store/vec4 v000001f14ca98020_0, 0, 16;
    %jmp T_0.14;
T_0.13 ;
    %load/vec4 v000001f14ca12db0_0;
    %load/vec4 v000001f14ca418c0_0;
    %cmp/u;
    %jmp/0xz  T_0.15, 5;
    %pushi/vec4 1, 0, 16;
    %store/vec4 v000001f14ca98020_0, 0, 16;
    %jmp T_0.16;
T_0.15 ;
    %pushi/vec4 65535, 0, 16;
    %store/vec4 v000001f14ca98020_0, 0, 16;
T_0.16 ;
T_0.14 ;
    %jmp T_0.10;
T_0.10 ;
    %pop/vec4 1;
    %jmp T_0;
    .thread T_0, $push;
    .scope S_000001f14ca58420;
T_1 ;
    %pushi/vec4 0, 0, 32;
    %store/vec4 v000001f14cb12880_0, 0, 32;
    %pushi/vec4 0, 0, 32;
    %store/vec4 v000001f14cb121a0_0, 0, 32;
    %end;
    .thread T_1;
    .scope S_000001f14ca58420;
T_2 ;
    %wait E_000001f14ca91e90;
    %load/vec4 v000001f14cb12880_0;
    %pushi/vec4 1023, 0, 32;
    %cmp/e;
    %flag_get/vec4 4;
    %store/vec4 v000001f14cb12560_0, 0, 1;
    %load/vec4 v000001f14cb12880_0;
    %pushi/vec4 0, 0, 32;
    %cmp/e;
    %flag_get/vec4 4;
    %store/vec4 v000001f14caa7dc0_0, 0, 1;
    %jmp T_2;
    .thread T_2, $push;
    .scope S_000001f14ca58420;
T_3 ;
    %wait E_000001f14ca91e10;
    %vpi_call 4 26 "$display", "data_out: %d", v000001f14ca9b6f0_0 {0 0 0};
    %load/vec4 v000001f14cb124c0_0;
    %flag_set/vec4 8;
    %jmp/0xz  T_3.0, 8;
    %pushi/vec4 0, 0, 32;
    %assign/vec4 v000001f14cb12880_0, 0;
    %pushi/vec4 0, 0, 1;
    %assign/vec4 v000001f14cb12560_0, 0;
    %pushi/vec4 1, 0, 1;
    %assign/vec4 v000001f14caa7dc0_0, 0;
    %pushi/vec4 0, 0, 16;
    %assign/vec4 v000001f14ca9b6f0_0, 0;
    %jmp T_3.1;
T_3.0 ;
    %load/vec4 v000001f14cb12420_0;
    %flag_set/vec4 9;
    %flag_get/vec4 9;
    %jmp/0 T_3.4, 9;
    %load/vec4 v000001f14cb12560_0;
    %nor/r;
    %and;
T_3.4;
    %flag_set/vec4 8;
    %jmp/0xz  T_3.2, 8;
    %vpi_call 4 35 "$display", "Pushing %d", v000001f14caa8e70_0 {0 0 0};
    %load/vec4 v000001f14caa8e70_0;
    %ix/getv 3, v000001f14cb12880_0;
    %ix/load 4, 0, 0; Constant delay
    %assign/vec4/a/d v000001f14cb12f60, 0, 4;
    %jmp T_3.3;
T_3.2 ;
    %load/vec4 v000001f14cb122e0_0;
    %flag_set/vec4 9;
    %flag_get/vec4 9;
    %jmp/0 T_3.7, 9;
    %load/vec4 v000001f14caa7dc0_0;
    %nor/r;
    %and;
T_3.7;
    %flag_set/vec4 8;
    %jmp/0xz  T_3.5, 8;
    %load/vec4 v000001f14cb12880_0;
    %subi 1, 0, 32;
    %ix/vec4 4;
    %load/vec4a v000001f14cb12f60, 4;
    %vpi_call 4 39 "$display", "Popping %d", S<0,vec4,u16> {1 0 0};
    %load/vec4 v000001f14cb12880_0;
    %subi 1, 0, 32;
    %ix/vec4 4;
    %load/vec4a v000001f14cb12f60, 4;
    %assign/vec4 v000001f14ca9b6f0_0, 0;
T_3.5 ;
T_3.3 ;
T_3.1 ;
    %jmp T_3;
    .thread T_3;
    .scope S_000001f14ca58420;
T_4 ;
    %wait E_000001f14ca917d0;
    %load/vec4 v000001f14cb12420_0;
    %flag_set/vec4 9;
    %flag_get/vec4 9;
    %jmp/0 T_4.2, 9;
    %load/vec4 v000001f14cb12560_0;
    %nor/r;
    %and;
T_4.2;
    %flag_set/vec4 8;
    %jmp/0xz  T_4.0, 8;
    %load/vec4 v000001f14cb12880_0;
    %addi 1, 0, 32;
    %store/vec4 v000001f14cb121a0_0, 0, 32;
    %jmp T_4.1;
T_4.0 ;
    %load/vec4 v000001f14cb122e0_0;
    %flag_set/vec4 9;
    %flag_get/vec4 9;
    %jmp/0 T_4.5, 9;
    %load/vec4 v000001f14caa7dc0_0;
    %nor/r;
    %and;
T_4.5;
    %flag_set/vec4 8;
    %jmp/0xz  T_4.3, 8;
    %load/vec4 v000001f14cb12880_0;
    %subi 1, 0, 32;
    %store/vec4 v000001f14cb121a0_0, 0, 32;
    %jmp T_4.4;
T_4.3 ;
    %load/vec4 v000001f14cb12880_0;
    %store/vec4 v000001f14cb121a0_0, 0, 32;
T_4.4 ;
T_4.1 ;
    %jmp T_4;
    .thread T_4, $push;
    .scope S_000001f14ca58420;
T_5 ;
    %wait E_000001f14ca91e10;
    %load/vec4 v000001f14cb124c0_0;
    %nor/r;
    %flag_set/vec4 8;
    %jmp/0xz  T_5.0, 8;
    %load/vec4 v000001f14cb121a0_0;
    %assign/vec4 v000001f14cb12880_0, 0;
T_5.0 ;
    %jmp T_5;
    .thread T_5;
    .scope S_000001f14cb13020;
T_6 ;
    %pushi/vec4 0, 0, 32;
    %store/vec4 v000001f14cb129c0_0, 0, 32;
    %pushi/vec4 0, 0, 32;
    %store/vec4 v000001f14cb12240_0, 0, 32;
    %end;
    .thread T_6;
    .scope S_000001f14cb13020;
T_7 ;
    %wait E_000001f14ca91f90;
    %load/vec4 v000001f14cb129c0_0;
    %pushi/vec4 1023, 0, 32;
    %cmp/e;
    %flag_get/vec4 4;
    %store/vec4 v000001f14cb12060_0, 0, 1;
    %load/vec4 v000001f14cb129c0_0;
    %pushi/vec4 0, 0, 32;
    %cmp/e;
    %flag_get/vec4 4;
    %store/vec4 v000001f14cb12ba0_0, 0, 1;
    %jmp T_7;
    .thread T_7, $push;
    .scope S_000001f14cb13020;
T_8 ;
    %wait E_000001f14ca91e10;
    %vpi_call 4 26 "$display", "data_out: %d", v000001f14cb12740_0 {0 0 0};
    %load/vec4 v000001f14cb12380_0;
    %flag_set/vec4 8;
    %jmp/0xz  T_8.0, 8;
    %pushi/vec4 0, 0, 32;
    %assign/vec4 v000001f14cb129c0_0, 0;
    %pushi/vec4 0, 0, 1;
    %assign/vec4 v000001f14cb12060_0, 0;
    %pushi/vec4 1, 0, 1;
    %assign/vec4 v000001f14cb12ba0_0, 0;
    %pushi/vec4 0, 0, 16;
    %assign/vec4 v000001f14cb12740_0, 0;
    %jmp T_8.1;
T_8.0 ;
    %load/vec4 v000001f14cb12600_0;
    %flag_set/vec4 9;
    %flag_get/vec4 9;
    %jmp/0 T_8.4, 9;
    %load/vec4 v000001f14cb12060_0;
    %nor/r;
    %and;
T_8.4;
    %flag_set/vec4 8;
    %jmp/0xz  T_8.2, 8;
    %vpi_call 4 35 "$display", "Pushing %d", v000001f14cb12d80_0 {0 0 0};
    %load/vec4 v000001f14cb12d80_0;
    %ix/getv 3, v000001f14cb129c0_0;
    %ix/load 4, 0, 0; Constant delay
    %assign/vec4/a/d v000001f14cb12920, 0, 4;
    %jmp T_8.3;
T_8.2 ;
    %load/vec4 v000001f14cb127e0_0;
    %flag_set/vec4 9;
    %flag_get/vec4 9;
    %jmp/0 T_8.7, 9;
    %load/vec4 v000001f14cb12ba0_0;
    %nor/r;
    %and;
T_8.7;
    %flag_set/vec4 8;
    %jmp/0xz  T_8.5, 8;
    %load/vec4 v000001f14cb129c0_0;
    %subi 1, 0, 32;
    %ix/vec4 4;
    %load/vec4a v000001f14cb12920, 4;
    %vpi_call 4 39 "$display", "Popping %d", S<0,vec4,u16> {1 0 0};
    %load/vec4 v000001f14cb129c0_0;
    %subi 1, 0, 32;
    %ix/vec4 4;
    %load/vec4a v000001f14cb12920, 4;
    %assign/vec4 v000001f14cb12740_0, 0;
T_8.5 ;
T_8.3 ;
T_8.1 ;
    %jmp T_8;
    .thread T_8;
    .scope S_000001f14cb13020;
T_9 ;
    %wait E_000001f14ca91010;
    %load/vec4 v000001f14cb12600_0;
    %flag_set/vec4 9;
    %flag_get/vec4 9;
    %jmp/0 T_9.2, 9;
    %load/vec4 v000001f14cb12060_0;
    %nor/r;
    %and;
T_9.2;
    %flag_set/vec4 8;
    %jmp/0xz  T_9.0, 8;
    %load/vec4 v000001f14cb129c0_0;
    %addi 1, 0, 32;
    %store/vec4 v000001f14cb12240_0, 0, 32;
    %jmp T_9.1;
T_9.0 ;
    %load/vec4 v000001f14cb127e0_0;
    %flag_set/vec4 9;
    %flag_get/vec4 9;
    %jmp/0 T_9.5, 9;
    %load/vec4 v000001f14cb12ba0_0;
    %nor/r;
    %and;
T_9.5;
    %flag_set/vec4 8;
    %jmp/0xz  T_9.3, 8;
    %load/vec4 v000001f14cb129c0_0;
    %subi 1, 0, 32;
    %store/vec4 v000001f14cb12240_0, 0, 32;
    %jmp T_9.4;
T_9.3 ;
    %load/vec4 v000001f14cb129c0_0;
    %store/vec4 v000001f14cb12240_0, 0, 32;
T_9.4 ;
T_9.1 ;
    %jmp T_9;
    .thread T_9, $push;
    .scope S_000001f14cb13020;
T_10 ;
    %wait E_000001f14ca91e10;
    %load/vec4 v000001f14cb12380_0;
    %nor/r;
    %flag_set/vec4 8;
    %jmp/0xz  T_10.0, 8;
    %load/vec4 v000001f14cb12240_0;
    %assign/vec4 v000001f14cb129c0_0, 0;
T_10.0 ;
    %jmp T_10;
    .thread T_10;
    .scope S_000001f14caad810;
T_11 ;
    %pushi/vec4 0, 0, 5;
    %store/vec4 v000001f14caf73a0_0, 0, 5;
    %pushi/vec4 0, 0, 16;
    %store/vec4 v000001f14cb12a60_0, 0, 16;
    %pushi/vec4 0, 0, 16;
    %store/vec4 v000001f14cb12ec0_0, 0, 16;
    %pushi/vec4 0, 0, 16;
    %store/vec4 v000001f14cb12e20_0, 0, 16;
    %pushi/vec4 0, 0, 5;
    %store/vec4 v000001f14caf6720_0, 0, 5;
    %pushi/vec4 0, 0, 11;
    %store/vec4 v000001f14caf69a0_0, 0, 11;
    %pushi/vec4 0, 0, 6;
    %store/vec4 v000001f14caf6220_0, 0, 6;
    %pushi/vec4 0, 0, 6;
    %store/vec4 v000001f14caf7d00_0, 0, 6;
    %end;
    .thread T_11;
    .scope S_000001f14caad810;
T_12 ;
    %wait E_000001f14ca91dd0;
    %load/vec4 v000001f14cb12100_0;
    %parti/s 5, 11, 5;
    %store/vec4 v000001f14caf6720_0, 0, 5;
    %load/vec4 v000001f14cb12100_0;
    %parti/s 12, 0, 2;
    %pad/u 11;
    %store/vec4 v000001f14caf69a0_0, 0, 11;
    %vpi_call 2 146 "$display", "instruction: %b", v000001f14cb12100_0 {0 0 0};
    %vpi_call 2 147 "$display", "operation: %b", v000001f14caf6720_0 {0 0 0};
    %vpi_call 2 148 "$display", "operand: %b\012", v000001f14caf69a0_0 {0 0 0};
    %load/vec4 v000001f14cb12100_0;
    %parti/s 11, 0, 2;
    %store/vec4 v000001f14caf69a0_0, 0, 11;
    %jmp T_12;
    .thread T_12, $push;
    .scope S_000001f14caad810;
T_13 ;
    %wait E_000001f14ca91e10;
    %vpi_call 2 154 "$display", "stack_data_out_subroutines: %d", v000001f14caf6b80_0 {0 0 0};
    %load/vec4 v000001f14caf6a40_0;
    %flag_set/vec4 8;
    %jmp/0xz  T_13.0, 8;
    %pushi/vec4 0, 0, 6;
    %assign/vec4 v000001f14caf6220_0, 0;
    %pushi/vec4 0, 0, 5;
    %assign/vec4 v000001f14caf73a0_0, 0;
    %pushi/vec4 0, 0, 16;
    %store/vec4 v000001f14cb12a60_0, 0, 16;
    %pushi/vec4 0, 0, 16;
    %store/vec4 v000001f14cb12ec0_0, 0, 16;
    %pushi/vec4 0, 0, 16;
    %store/vec4 v000001f14cb12e20_0, 0, 16;
    %pushi/vec4 0, 0, 6;
    %assign/vec4 v000001f14caf7d00_0, 0;
    %pushi/vec4 0, 0, 1;
    %assign/vec4 v000001f14caf6ea0_0, 0;
    %pushi/vec4 0, 0, 1;
    %assign/vec4 v000001f14caf7260_0, 0;
    %pushi/vec4 0, 0, 16;
    %assign/vec4 v000001f14caf7120_0, 0;
    %pushi/vec4 0, 0, 1;
    %assign/vec4 v000001f14caf65e0_0, 0;
    %pushi/vec4 0, 0, 1;
    %assign/vec4 v000001f14caf74e0_0, 0;
    %pushi/vec4 0, 0, 16;
    %assign/vec4 v000001f14caf7800_0, 0;
    %pushi/vec4 0, 0, 16;
    %assign/vec4 v000001f14caf6900_0, 0;
    %pushi/vec4 0, 0, 16;
    %assign/vec4 v000001f14caf7bc0_0, 0;
    %jmp T_13.1;
T_13.0 ;
    %load/vec4 v000001f14caf7d00_0;
    %assign/vec4 v000001f14caf6220_0, 0;
    %load/vec4 v000001f14caf7d00_0;
    %dup/vec4;
    %pushi/vec4 2, 0, 6;
    %cmp/u;
    %jmp/1 T_13.2, 6;
    %load/vec4 v000001f14caf73a0_0;
    %assign/vec4 v000001f14caf73a0_0, 0;
    %jmp T_13.4;
T_13.2 ;
    %load/vec4 v000001f14caf73a0_0;
    %addi 1, 0, 5;
    %assign/vec4 v000001f14caf73a0_0, 0;
    %jmp T_13.4;
T_13.4 ;
    %pop/vec4 1;
T_13.1 ;
    %jmp T_13;
    .thread T_13;
    .scope S_000001f14caad810;
T_14 ;
    %wait E_000001f14ca91bd0;
    %load/vec4 v000001f14caf6220_0;
    %dup/vec4;
    %pushi/vec4 0, 0, 6;
    %cmp/u;
    %jmp/1 T_14.0, 6;
    %dup/vec4;
    %pushi/vec4 1, 0, 6;
    %cmp/u;
    %jmp/1 T_14.1, 6;
    %dup/vec4;
    %pushi/vec4 2, 0, 6;
    %cmp/u;
    %jmp/1 T_14.2, 6;
    %dup/vec4;
    %pushi/vec4 3, 0, 6;
    %cmp/u;
    %jmp/1 T_14.3, 6;
    %dup/vec4;
    %pushi/vec4 4, 0, 6;
    %cmp/u;
    %jmp/1 T_14.4, 6;
    %dup/vec4;
    %pushi/vec4 27, 0, 6;
    %cmp/u;
    %jmp/1 T_14.5, 6;
    %dup/vec4;
    %pushi/vec4 5, 0, 6;
    %cmp/u;
    %jmp/1 T_14.6, 6;
    %dup/vec4;
    %pushi/vec4 28, 0, 6;
    %cmp/u;
    %jmp/1 T_14.7, 6;
    %dup/vec4;
    %pushi/vec4 6, 0, 6;
    %cmp/u;
    %jmp/1 T_14.8, 6;
    %dup/vec4;
    %pushi/vec4 7, 0, 6;
    %cmp/u;
    %jmp/1 T_14.9, 6;
    %dup/vec4;
    %pushi/vec4 8, 0, 6;
    %cmp/u;
    %jmp/1 T_14.10, 6;
    %dup/vec4;
    %pushi/vec4 9, 0, 6;
    %cmp/u;
    %jmp/1 T_14.11, 6;
    %dup/vec4;
    %pushi/vec4 11, 0, 6;
    %cmp/u;
    %jmp/1 T_14.12, 6;
    %dup/vec4;
    %pushi/vec4 13, 0, 6;
    %cmp/u;
    %jmp/1 T_14.13, 6;
    %dup/vec4;
    %pushi/vec4 14, 0, 6;
    %cmp/u;
    %jmp/1 T_14.14, 6;
    %dup/vec4;
    %pushi/vec4 15, 0, 6;
    %cmp/u;
    %jmp/1 T_14.15, 6;
    %dup/vec4;
    %pushi/vec4 16, 0, 6;
    %cmp/u;
    %jmp/1 T_14.16, 6;
    %dup/vec4;
    %pushi/vec4 17, 0, 6;
    %cmp/u;
    %jmp/1 T_14.17, 6;
    %dup/vec4;
    %pushi/vec4 18, 0, 6;
    %cmp/u;
    %jmp/1 T_14.18, 6;
    %dup/vec4;
    %pushi/vec4 19, 0, 6;
    %cmp/u;
    %jmp/1 T_14.19, 6;
    %dup/vec4;
    %pushi/vec4 20, 0, 6;
    %cmp/u;
    %jmp/1 T_14.20, 6;
    %dup/vec4;
    %pushi/vec4 21, 0, 6;
    %cmp/u;
    %jmp/1 T_14.21, 6;
    %dup/vec4;
    %pushi/vec4 22, 0, 6;
    %cmp/u;
    %jmp/1 T_14.22, 6;
    %dup/vec4;
    %pushi/vec4 23, 0, 6;
    %cmp/u;
    %jmp/1 T_14.23, 6;
    %dup/vec4;
    %pushi/vec4 24, 0, 6;
    %cmp/u;
    %jmp/1 T_14.24, 6;
    %dup/vec4;
    %pushi/vec4 25, 0, 6;
    %cmp/u;
    %jmp/1 T_14.25, 6;
    %dup/vec4;
    %pushi/vec4 26, 0, 6;
    %cmp/u;
    %jmp/1 T_14.26, 6;
    %jmp T_14.27;
T_14.0 ;
    %vpi_call 2 189 "$display", "State - LOAD_INST" {0 0 0};
    %vpi_call 2 190 "$display", "pcounter: %d", v000001f14caf73a0_0 {0 0 0};
    %pushi/vec4 1, 0, 6;
    %store/vec4 v000001f14caf7d00_0, 0, 6;
    %load/vec4 v000001f14caf73a0_0;
    %store/vec4 v000001f14cb12c40_0, 0, 5;
    %pushi/vec4 1, 0, 1;
    %store/vec4 v000001f14caf7e40_0, 0, 1;
    %jmp T_14.27;
T_14.1 ;
    %vpi_call 2 196 "$display", "State - GET_INST" {0 0 0};
    %pushi/vec4 3, 0, 6;
    %store/vec4 v000001f14caf7d00_0, 0, 6;
    %pushi/vec4 0, 0, 1;
    %store/vec4 v000001f14caf7e40_0, 0, 1;
    %jmp T_14.27;
T_14.2 ;
    %vpi_call 2 202 "$display", "State - PCOUNTER_INC" {0 0 0};
    %pushi/vec4 0, 0, 6;
    %store/vec4 v000001f14caf7d00_0, 0, 6;
    %pushi/vec4 0, 0, 1;
    %store/vec4 v000001f14caf6ea0_0, 0, 1;
    %pushi/vec4 0, 0, 1;
    %store/vec4 v000001f14caf7260_0, 0, 1;
    %pushi/vec4 0, 0, 1;
    %store/vec4 v000001f14caf6180_0, 0, 1;
    %pushi/vec4 0, 0, 1;
    %store/vec4 v000001f14caf6ea0_0, 0, 1;
    %jmp T_14.27;
T_14.3 ;
    %vpi_call 2 210 "$display", "State - DECODE" {0 0 0};
    %load/vec4 v000001f14caf6720_0;
    %dup/vec4;
    %pushi/vec4 0, 0, 5;
    %cmp/u;
    %jmp/1 T_14.28, 6;
    %dup/vec4;
    %pushi/vec4 1, 0, 5;
    %cmp/u;
    %jmp/1 T_14.29, 6;
    %dup/vec4;
    %pushi/vec4 2, 0, 5;
    %cmp/u;
    %jmp/1 T_14.30, 6;
    %dup/vec4;
    %pushi/vec4 3, 0, 5;
    %cmp/u;
    %jmp/1 T_14.31, 6;
    %dup/vec4;
    %pushi/vec4 4, 0, 5;
    %cmp/u;
    %jmp/1 T_14.32, 6;
    %dup/vec4;
    %pushi/vec4 5, 0, 5;
    %cmp/u;
    %jmp/1 T_14.33, 6;
    %dup/vec4;
    %pushi/vec4 6, 0, 5;
    %cmp/u;
    %jmp/1 T_14.34, 6;
    %dup/vec4;
    %pushi/vec4 7, 0, 5;
    %cmp/u;
    %jmp/1 T_14.35, 6;
    %dup/vec4;
    %pushi/vec4 8, 0, 5;
    %cmp/u;
    %jmp/1 T_14.36, 6;
    %dup/vec4;
    %pushi/vec4 9, 0, 5;
    %cmp/u;
    %jmp/1 T_14.37, 6;
    %dup/vec4;
    %pushi/vec4 10, 0, 5;
    %cmp/u;
    %jmp/1 T_14.38, 6;
    %dup/vec4;
    %pushi/vec4 11, 0, 5;
    %cmp/u;
    %jmp/1 T_14.39, 6;
    %dup/vec4;
    %pushi/vec4 12, 0, 5;
    %cmp/u;
    %jmp/1 T_14.40, 6;
    %dup/vec4;
    %pushi/vec4 13, 0, 5;
    %cmp/u;
    %jmp/1 T_14.41, 6;
    %dup/vec4;
    %pushi/vec4 14, 0, 5;
    %cmp/u;
    %jmp/1 T_14.42, 6;
    %dup/vec4;
    %pushi/vec4 15, 0, 5;
    %cmp/u;
    %jmp/1 T_14.43, 6;
    %dup/vec4;
    %pushi/vec4 16, 0, 5;
    %cmp/u;
    %jmp/1 T_14.44, 6;
    %dup/vec4;
    %pushi/vec4 17, 0, 5;
    %cmp/u;
    %jmp/1 T_14.45, 6;
    %dup/vec4;
    %pushi/vec4 18, 0, 5;
    %cmp/u;
    %jmp/1 T_14.46, 6;
    %dup/vec4;
    %pushi/vec4 19, 0, 5;
    %cmp/u;
    %jmp/1 T_14.47, 6;
    %dup/vec4;
    %pushi/vec4 20, 0, 5;
    %cmp/u;
    %jmp/1 T_14.48, 6;
    %dup/vec4;
    %pushi/vec4 21, 0, 5;
    %cmp/u;
    %jmp/1 T_14.49, 6;
    %vpi_call 2 281 "$display", "OP - default" {0 0 0};
    %pushi/vec4 0, 0, 6;
    %store/vec4 v000001f14caf7d00_0, 0, 6;
    %jmp T_14.51;
T_14.28 ;
    %vpi_call 2 213 "$display", "OP - PUSH" {0 0 0};
    %pushi/vec4 8, 0, 6;
    %store/vec4 v000001f14caf7d00_0, 0, 6;
    %pushi/vec4 1, 0, 1;
    %store/vec4 v000001f14caf6cc0_0, 0, 1;
    %load/vec4 v000001f14caf69a0_0;
    %pad/u 10;
    %store/vec4 v000001f14cb12b00_0, 0, 10;
    %jmp T_14.51;
T_14.29 ;
    %vpi_call 2 219 "$display", "OP - PUSH_I" {0 0 0};
    %pushi/vec4 2, 0, 6;
    %store/vec4 v000001f14caf7d00_0, 0, 6;
    %load/vec4 v000001f14caf69a0_0;
    %pad/u 16;
    %store/vec4 v000001f14caf7120_0, 0, 16;
    %pushi/vec4 1, 0, 1;
    %store/vec4 v000001f14caf6ea0_0, 0, 1;
    %jmp T_14.51;
T_14.30 ;
    %vpi_call 2 225 "$display", "OP - PUSH_T" {0 0 0};
    %pushi/vec4 2, 0, 6;
    %store/vec4 v000001f14caf7d00_0, 0, 6;
    %load/vec4 v000001f14cb12a60_0;
    %store/vec4 v000001f14caf7120_0, 0, 16;
    %pushi/vec4 1, 0, 1;
    %store/vec4 v000001f14caf6ea0_0, 0, 1;
    %jmp T_14.51;
T_14.31 ;
    %vpi_call 2 231 "$display", "OP - POP" {0 0 0};
    %pushi/vec4 11, 0, 6;
    %store/vec4 v000001f14caf7d00_0, 0, 6;
    %pushi/vec4 1, 0, 1;
    %store/vec4 v000001f14caf7260_0, 0, 1;
    %jmp T_14.51;
T_14.32 ;
    %vpi_call 2 236 "$display", "OP - OP_ALU" {0 0 0};
    %pushi/vec4 4, 0, 6;
    %store/vec4 v000001f14caf7d00_0, 0, 6;
    %jmp T_14.51;
T_14.33 ;
    %vpi_call 2 236 "$display", "OP - OP_ALU" {0 0 0};
    %pushi/vec4 4, 0, 6;
    %store/vec4 v000001f14caf7d00_0, 0, 6;
    %jmp T_14.51;
T_14.34 ;
    %vpi_call 2 236 "$display", "OP - OP_ALU" {0 0 0};
    %pushi/vec4 4, 0, 6;
    %store/vec4 v000001f14caf7d00_0, 0, 6;
    %jmp T_14.51;
T_14.35 ;
    %vpi_call 2 236 "$display", "OP - OP_ALU" {0 0 0};
    %pushi/vec4 4, 0, 6;
    %store/vec4 v000001f14caf7d00_0, 0, 6;
    %jmp T_14.51;
T_14.36 ;
    %vpi_call 2 236 "$display", "OP - OP_ALU" {0 0 0};
    %pushi/vec4 4, 0, 6;
    %store/vec4 v000001f14caf7d00_0, 0, 6;
    %jmp T_14.51;
T_14.37 ;
    %vpi_call 2 236 "$display", "OP - OP_ALU" {0 0 0};
    %pushi/vec4 4, 0, 6;
    %store/vec4 v000001f14caf7d00_0, 0, 6;
    %jmp T_14.51;
T_14.38 ;
    %vpi_call 2 236 "$display", "OP - OP_ALU" {0 0 0};
    %pushi/vec4 4, 0, 6;
    %store/vec4 v000001f14caf7d00_0, 0, 6;
    %jmp T_14.51;
T_14.39 ;
    %vpi_call 2 236 "$display", "OP - OP_ALU" {0 0 0};
    %pushi/vec4 4, 0, 6;
    %store/vec4 v000001f14caf7d00_0, 0, 6;
    %jmp T_14.51;
T_14.40 ;
    %vpi_call 2 236 "$display", "OP - OP_ALU" {0 0 0};
    %pushi/vec4 4, 0, 6;
    %store/vec4 v000001f14caf7d00_0, 0, 6;
    %jmp T_14.51;
T_14.41 ;
    %vpi_call 2 236 "$display", "OP - OP_ALU" {0 0 0};
    %pushi/vec4 4, 0, 6;
    %store/vec4 v000001f14caf7d00_0, 0, 6;
    %jmp T_14.51;
T_14.42 ;
    %vpi_call 2 240 "$display", "OP - GOTO" {0 0 0};
    %pushi/vec4 0, 0, 6;
    %store/vec4 v000001f14caf7d00_0, 0, 6;
    %load/vec4 v000001f14caf69a0_0;
    %pad/u 5;
    %assign/vec4 v000001f14caf73a0_0, 0;
    %jmp T_14.51;
T_14.43 ;
    %vpi_call 2 245 "$display", "OP - IF_EQ" {0 0 0};
    %pushi/vec4 14, 0, 6;
    %store/vec4 v000001f14caf7d00_0, 0, 6;
    %pushi/vec4 1, 0, 1;
    %store/vec4 v000001f14caf7260_0, 0, 1;
    %jmp T_14.51;
T_14.44 ;
    %vpi_call 2 250 "$display", "OP - IF_GT" {0 0 0};
    %pushi/vec4 16, 0, 6;
    %store/vec4 v000001f14caf7d00_0, 0, 6;
    %pushi/vec4 1, 0, 1;
    %store/vec4 v000001f14caf7260_0, 0, 1;
    %jmp T_14.51;
T_14.45 ;
    %vpi_call 2 255 "$display", "OP - IF_LT" {0 0 0};
    %pushi/vec4 18, 0, 6;
    %store/vec4 v000001f14caf7d00_0, 0, 6;
    %pushi/vec4 1, 0, 1;
    %store/vec4 v000001f14caf7260_0, 0, 1;
    %jmp T_14.51;
T_14.46 ;
    %vpi_call 2 260 "$display", "OP - IF_GE" {0 0 0};
    %pushi/vec4 20, 0, 6;
    %store/vec4 v000001f14caf7d00_0, 0, 6;
    %pushi/vec4 1, 0, 1;
    %store/vec4 v000001f14caf7260_0, 0, 1;
    %jmp T_14.51;
T_14.47 ;
    %vpi_call 2 265 "$display", "OP - IF_LE" {0 0 0};
    %pushi/vec4 22, 0, 6;
    %store/vec4 v000001f14caf7d00_0, 0, 6;
    %pushi/vec4 1, 0, 1;
    %store/vec4 v000001f14caf7260_0, 0, 1;
    %jmp T_14.51;
T_14.48 ;
    %vpi_call 2 270 "$display", "OP - CALL" {0 0 0};
    %pushi/vec4 24, 0, 6;
    %store/vec4 v000001f14caf7d00_0, 0, 6;
    %load/vec4 v000001f14caf73a0_0;
    %pad/u 16;
    %store/vec4 v000001f14caf7800_0, 0, 16;
    %pushi/vec4 1, 0, 1;
    %store/vec4 v000001f14caf65e0_0, 0, 1;
    %jmp T_14.51;
T_14.49 ;
    %vpi_call 2 276 "$display", "OP - RET" {0 0 0};
    %pushi/vec4 25, 0, 6;
    %store/vec4 v000001f14caf7d00_0, 0, 6;
    %pushi/vec4 1, 0, 1;
    %store/vec4 v000001f14caf74e0_0, 0, 1;
    %jmp T_14.51;
T_14.51 ;
    %pop/vec4 1;
    %jmp T_14.27;
T_14.4 ;
    %vpi_call 2 287 "$display", "State - POP_TEMP1" {0 0 0};
    %pushi/vec4 27, 0, 6;
    %store/vec4 v000001f14caf7d00_0, 0, 6;
    %pushi/vec4 1, 0, 1;
    %store/vec4 v000001f14caf7260_0, 0, 1;
    %vpi_call 2 290 "$display", "stack_data_out_operations: %d", v000001f14caf6ae0_0 {0 0 0};
    %jmp T_14.27;
T_14.5 ;
    %vpi_call 2 293 "$display", "State - GET_TEMP1" {0 0 0};
    %pushi/vec4 5, 0, 6;
    %store/vec4 v000001f14caf7d00_0, 0, 6;
    %load/vec4 v000001f14caf6ae0_0;
    %store/vec4 v000001f14cb12a60_0, 0, 16;
    %pushi/vec4 0, 0, 1;
    %store/vec4 v000001f14caf7260_0, 0, 1;
    %vpi_call 2 297 "$display", "stack_data_out_operations: %d", v000001f14caf6ae0_0 {0 0 0};
    %jmp T_14.27;
T_14.6 ;
    %vpi_call 2 300 "$display", "State - POP_TEMP2" {0 0 0};
    %pushi/vec4 28, 0, 6;
    %store/vec4 v000001f14caf7d00_0, 0, 6;
    %pushi/vec4 1, 0, 1;
    %store/vec4 v000001f14caf7260_0, 0, 1;
    %vpi_call 2 303 "$display", "stack_data_out_operations: %d", v000001f14caf6ae0_0 {0 0 0};
    %jmp T_14.27;
T_14.7 ;
    %vpi_call 2 306 "$display", "State - GET_TEMP2" {0 0 0};
    %pushi/vec4 6, 0, 6;
    %store/vec4 v000001f14caf7d00_0, 0, 6;
    %load/vec4 v000001f14caf6ae0_0;
    %store/vec4 v000001f14cb12ec0_0, 0, 16;
    %pushi/vec4 0, 0, 1;
    %store/vec4 v000001f14caf7260_0, 0, 1;
    %vpi_call 2 310 "$display", "stack_data_out_operations: %d", v000001f14caf6ae0_0 {0 0 0};
    %jmp T_14.27;
T_14.8 ;
    %vpi_call 2 313 "$display", "State - OP_ALU" {0 0 0};
    %vpi_call 2 314 "$display", "Temp1: %d", v000001f14cb12a60_0 {0 0 0};
    %vpi_call 2 315 "$display", "Temp2: %d", v000001f14cb12ec0_0 {0 0 0};
    %pushi/vec4 7, 0, 6;
    %store/vec4 v000001f14caf7d00_0, 0, 6;
    %load/vec4 v000001f14cb12a60_0;
    %store/vec4 v000001f14caf6900_0, 0, 16;
    %load/vec4 v000001f14cb12ec0_0;
    %store/vec4 v000001f14caf7bc0_0, 0, 16;
    %load/vec4 v000001f14caf6720_0;
    %pad/u 4;
    %store/vec4 v000001f14caf7440_0, 0, 4;
    %jmp T_14.27;
T_14.9 ;
    %vpi_call 2 322 "$display", "State - PUSH_OP_RESULT" {0 0 0};
    %pushi/vec4 2, 0, 6;
    %store/vec4 v000001f14caf7d00_0, 0, 6;
    %load/vec4 v000001f14caf7c60_0;
    %store/vec4 v000001f14caf7120_0, 0, 16;
    %pushi/vec4 1, 0, 1;
    %store/vec4 v000001f14caf6ea0_0, 0, 1;
    %jmp T_14.27;
T_14.10 ;
    %vpi_call 2 328 "$display", "State - GET_DATA" {0 0 0};
    %pushi/vec4 9, 0, 6;
    %store/vec4 v000001f14caf7d00_0, 0, 6;
    %pushi/vec4 1, 0, 1;
    %store/vec4 v000001f14caf6ea0_0, 0, 1;
    %jmp T_14.27;
T_14.11 ;
    %vpi_call 2 334 "$display", "State - PUSH_M" {0 0 0};
    %pushi/vec4 2, 0, 6;
    %store/vec4 v000001f14caf7d00_0, 0, 6;
    %load/vec4 v000001f14caf6540_0;
    %store/vec4 v000001f14caf7120_0, 0, 16;
    %pushi/vec4 0, 0, 1;
    %store/vec4 v000001f14caf6ea0_0, 0, 1;
    %jmp T_14.27;
T_14.12 ;
    %vpi_call 2 340 "$display", "State - ENABLE_WRITE_DATA" {0 0 0};
    %pushi/vec4 2, 0, 6;
    %store/vec4 v000001f14caf7d00_0, 0, 6;
    %load/vec4 v000001f14caf6ae0_0;
    %store/vec4 v000001f14cb12e20_0, 0, 16;
    %vpi_call 2 343 "$display", "TOS: %d", v000001f14cb12e20_0 {0 0 0};
    %pushi/vec4 1, 0, 1;
    %store/vec4 v000001f14caf6180_0, 0, 1;
    %jmp T_14.27;
T_14.13 ;
    %vpi_call 2 347 "$display", "State - WRITE_DATA" {0 0 0};
    %pushi/vec4 2, 0, 6;
    %store/vec4 v000001f14caf7d00_0, 0, 6;
    %load/vec4 v000001f14cb12e20_0;
    %store/vec4 v000001f14caf62c0_0, 0, 16;
    %jmp T_14.27;
T_14.14 ;
    %vpi_call 2 352 "$display", "State - POP_IF_EQ" {0 0 0};
    %pushi/vec4 15, 0, 6;
    %store/vec4 v000001f14caf7d00_0, 0, 6;
    %load/vec4 v000001f14caf6ae0_0;
    %store/vec4 v000001f14cb12a60_0, 0, 16;
    %pushi/vec4 0, 0, 1;
    %store/vec4 v000001f14caf7260_0, 0, 1;
    %jmp T_14.27;
T_14.15 ;
    %vpi_call 2 358 "$display", "State - CMP_IF_EQ" {0 0 0};
    %load/vec4 v000001f14cb12a60_0;
    %pad/u 32;
    %cmpi/e 0, 0, 32;
    %jmp/0xz  T_14.52, 4;
    %pushi/vec4 0, 0, 6;
    %store/vec4 v000001f14caf7d00_0, 0, 6;
    %load/vec4 v000001f14caf69a0_0;
    %pad/u 5;
    %store/vec4 v000001f14caf73a0_0, 0, 5;
    %jmp T_14.53;
T_14.52 ;
    %pushi/vec4 2, 0, 6;
    %store/vec4 v000001f14caf7d00_0, 0, 6;
T_14.53 ;
    %jmp T_14.27;
T_14.16 ;
    %vpi_call 2 369 "$display", "State - POP_IF_GT" {0 0 0};
    %pushi/vec4 17, 0, 6;
    %store/vec4 v000001f14caf7d00_0, 0, 6;
    %load/vec4 v000001f14caf6ae0_0;
    %store/vec4 v000001f14cb12a60_0, 0, 16;
    %pushi/vec4 0, 0, 1;
    %store/vec4 v000001f14caf7260_0, 0, 1;
    %jmp T_14.27;
T_14.17 ;
    %vpi_call 2 375 "$display", "State - CMP_IF_GT" {0 0 0};
    %load/vec4 v000001f14cb12a60_0;
    %pad/u 32;
    %cmpi/u 0, 0, 32;
    %flag_or 5, 4; GT is !LE
    %flag_inv 5;
    %jmp/0xz  T_14.54, 5;
    %pushi/vec4 0, 0, 6;
    %store/vec4 v000001f14caf7d00_0, 0, 6;
    %load/vec4 v000001f14caf69a0_0;
    %pad/u 5;
    %store/vec4 v000001f14caf73a0_0, 0, 5;
    %jmp T_14.55;
T_14.54 ;
    %pushi/vec4 2, 0, 6;
    %store/vec4 v000001f14caf7d00_0, 0, 6;
T_14.55 ;
    %jmp T_14.27;
T_14.18 ;
    %vpi_call 2 386 "$display", "State - POP_IF_LT" {0 0 0};
    %pushi/vec4 19, 0, 6;
    %store/vec4 v000001f14caf7d00_0, 0, 6;
    %load/vec4 v000001f14caf6ae0_0;
    %store/vec4 v000001f14cb12a60_0, 0, 16;
    %pushi/vec4 0, 0, 1;
    %store/vec4 v000001f14caf7260_0, 0, 1;
    %jmp T_14.27;
T_14.19 ;
    %vpi_call 2 392 "$display", "State - CMP_IF_LT" {0 0 0};
    %load/vec4 v000001f14cb12a60_0;
    %pad/u 32;
    %cmpi/u 0, 0, 32;
    %jmp/0xz  T_14.56, 5;
    %pushi/vec4 0, 0, 6;
    %store/vec4 v000001f14caf7d00_0, 0, 6;
    %load/vec4 v000001f14caf69a0_0;
    %pad/u 5;
    %store/vec4 v000001f14caf73a0_0, 0, 5;
    %jmp T_14.57;
T_14.56 ;
    %pushi/vec4 2, 0, 6;
    %store/vec4 v000001f14caf7d00_0, 0, 6;
T_14.57 ;
    %jmp T_14.27;
T_14.20 ;
    %vpi_call 2 402 "$display", "State - POP_IF_GE" {0 0 0};
    %pushi/vec4 21, 0, 6;
    %store/vec4 v000001f14caf7d00_0, 0, 6;
    %load/vec4 v000001f14caf6ae0_0;
    %store/vec4 v000001f14cb12a60_0, 0, 16;
    %pushi/vec4 0, 0, 1;
    %store/vec4 v000001f14caf7260_0, 0, 1;
    %jmp T_14.27;
T_14.21 ;
    %vpi_call 2 408 "$display", "State - CMP_IF_GE" {0 0 0};
    %load/vec4 v000001f14cb12a60_0;
    %pad/u 32;
    %cmpi/u 0, 0, 32;
    %flag_inv 5; GE is !LT
    %jmp/0xz  T_14.58, 5;
    %pushi/vec4 0, 0, 6;
    %store/vec4 v000001f14caf7d00_0, 0, 6;
    %load/vec4 v000001f14caf69a0_0;
    %pad/u 5;
    %store/vec4 v000001f14caf73a0_0, 0, 5;
    %jmp T_14.59;
T_14.58 ;
    %pushi/vec4 2, 0, 6;
    %store/vec4 v000001f14caf7d00_0, 0, 6;
T_14.59 ;
    %jmp T_14.27;
T_14.22 ;
    %vpi_call 2 418 "$display", "State - POP_IF_LE" {0 0 0};
    %pushi/vec4 23, 0, 6;
    %store/vec4 v000001f14caf7d00_0, 0, 6;
    %load/vec4 v000001f14caf6ae0_0;
    %store/vec4 v000001f14cb12a60_0, 0, 16;
    %pushi/vec4 0, 0, 1;
    %store/vec4 v000001f14caf7260_0, 0, 1;
    %jmp T_14.27;
T_14.23 ;
    %vpi_call 2 424 "$display", "State - CMP_IF_LE" {0 0 0};
    %load/vec4 v000001f14cb12a60_0;
    %pad/u 32;
    %cmpi/u 0, 0, 32;
    %flag_or 5, 4;
    %jmp/0xz  T_14.60, 5;
    %pushi/vec4 0, 0, 6;
    %store/vec4 v000001f14caf7d00_0, 0, 6;
    %load/vec4 v000001f14caf69a0_0;
    %pad/u 5;
    %store/vec4 v000001f14caf73a0_0, 0, 5;
    %jmp T_14.61;
T_14.60 ;
    %pushi/vec4 2, 0, 6;
    %store/vec4 v000001f14caf7d00_0, 0, 6;
T_14.61 ;
    %jmp T_14.27;
T_14.24 ;
    %vpi_call 2 434 "$display", "State - PUSH_SUBROUTINE" {0 0 0};
    %pushi/vec4 26, 0, 6;
    %store/vec4 v000001f14caf7d00_0, 0, 6;
    %pushi/vec4 0, 0, 1;
    %store/vec4 v000001f14caf65e0_0, 0, 1;
    %jmp T_14.27;
T_14.25 ;
    %vpi_call 2 439 "$display", "State - POP_SUBROUTINE" {0 0 0};
    %pushi/vec4 26, 0, 6;
    %store/vec4 v000001f14caf7d00_0, 0, 6;
    %load/vec4 v000001f14caf6b80_0;
    %pad/u 11;
    %store/vec4 v000001f14caf69a0_0, 0, 11;
    %vpi_call 2 442 "$display", "stack_full_subroutines: %d", v000001f14caf78a0_0 {0 0 0};
    %pushi/vec4 0, 0, 1;
    %store/vec4 v000001f14caf74e0_0, 0, 1;
    %jmp T_14.27;
T_14.26 ;
    %vpi_call 2 446 "$display", "State - UPDATE_PCOUNTER" {0 0 0};
    %vpi_call 2 447 "$display", "operand: %d", v000001f14caf69a0_0 {0 0 0};
    %pushi/vec4 0, 0, 6;
    %store/vec4 v000001f14caf7d00_0, 0, 6;
    %load/vec4 v000001f14caf69a0_0;
    %pad/u 5;
    %store/vec4 v000001f14caf73a0_0, 0, 5;
    %jmp T_14.27;
T_14.27 ;
    %pop/vec4 1;
    %jmp T_14;
    .thread T_14, $push;
# The file index is used to find the file name in the following table.
:file_names 5;
    "N/A";
    "<interactive>";
    "cpu.v";
    "./alu/alu.v";
    "./stack/stack.v";
