#! /c/Source/iverilog-install/bin/vvp
:ivl_version "12.0 (devel)" "(s20150603-1539-g2693dd32b)";
:ivl_delay_selection "TYPICAL";
:vpi_time_precision - 9;
:vpi_module "C:\iverilog\lib\ivl\system.vpi";
:vpi_module "C:\iverilog\lib\ivl\vhdl_sys.vpi";
:vpi_module "C:\iverilog\lib\ivl\vhdl_textio.vpi";
:vpi_module "C:\iverilog\lib\ivl\v2005_math.vpi";
:vpi_module "C:\iverilog\lib\ivl\va_math.vpi";
S_0000021e2c5b0250 .scope module, "ula_tb" "ula_tb" 2 3;
 .timescale -9 -9;
v0000021e2c552a80_0 .net "above", 0 0, v0000021e2c57ca50_0;  1 drivers
v0000021e2c552b20_0 .net "below", 0 0, v0000021e2c5900a0_0;  1 drivers
v0000021e2c60a030_0 .var "clk", 0 0;
v0000021e2c60a0d0_0 .net "equal", 0 0, v0000021e2c53bea0_0;  1 drivers
v0000021e2c60a3a0_0 .net "error", 0 0, v0000021e2c5822b0_0;  1 drivers
v0000021e2c60a440_0 .var "inst", 31 0;
v0000021e2c60a9e0_0 .var "operand_a", 31 0;
v0000021e2c60ae40_0 .var "operand_b", 31 0;
v0000021e2c60b0c0_0 .net "overflow", 0 0, v0000021e2c552940_0;  1 drivers
v0000021e2c60a4e0_0 .net "result", 31 0, v0000021e2c5529e0_0;  1 drivers
S_0000021e2c58fcd0 .scope module, "uut" "ula" 2 15, 3 1 0, S_0000021e2c5b0250;
 .timescale -9 -9;
    .port_info 0 /INPUT 32 "operand_a";
    .port_info 1 /INPUT 32 "operand_b";
    .port_info 2 /INPUT 32 "inst";
    .port_info 3 /OUTPUT 32 "result";
    .port_info 4 /OUTPUT 1 "equal";
    .port_info 5 /OUTPUT 1 "above";
    .port_info 6 /OUTPUT 1 "below";
    .port_info 7 /OUTPUT 1 "overflow";
    .port_info 8 /OUTPUT 1 "error";
P_0000021e2c58fe60 .param/l "ADD" 1 3 16, C4<0011>;
P_0000021e2c58fe98 .param/l "AND" 1 3 20, C4<0111>;
P_0000021e2c58fed0 .param/l "CMP" 1 3 24, C4<1011>;
P_0000021e2c58ff08 .param/l "DIV" 1 3 19, C4<0110>;
P_0000021e2c58ff40 .param/l "MUL" 1 3 18, C4<0101>;
P_0000021e2c58ff78 .param/l "NOT" 1 3 25, C4<1100>;
P_0000021e2c58ffb0 .param/l "OR" 1 3 21, C4<1000>;
P_0000021e2c58ffe8 .param/l "SHL" 1 3 22, C4<1001>;
P_0000021e2c590020 .param/l "SHR" 1 3 23, C4<1010>;
P_0000021e2c590058 .param/l "SUB" 1 3 17, C4<0100>;
v0000021e2c57ca50_0 .var "above", 0 0;
v0000021e2c5900a0_0 .var "below", 0 0;
v0000021e2c53bea0_0 .var "equal", 0 0;
v0000021e2c5822b0_0 .var "error", 0 0;
v0000021e2c552760_0 .net "inst", 31 0, v0000021e2c60a440_0;  1 drivers
v0000021e2c552800_0 .net "operand_a", 31 0, v0000021e2c60a9e0_0;  1 drivers
v0000021e2c5528a0_0 .net "operand_b", 31 0, v0000021e2c60ae40_0;  1 drivers
v0000021e2c552940_0 .var "overflow", 0 0;
v0000021e2c5529e0_0 .var "result", 31 0;
E_0000021e2c5808c0 .event anyedge, v0000021e2c552760_0, v0000021e2c552800_0, v0000021e2c5528a0_0, v0000021e2c5529e0_0;
    .scope S_0000021e2c58fcd0;
T_0 ;
    %wait E_0000021e2c5808c0;
    %pushi/vec4 0, 0, 1;
    %store/vec4 v0000021e2c5900a0_0, 0, 1;
    %pushi/vec4 0, 0, 1;
    %store/vec4 v0000021e2c57ca50_0, 0, 1;
    %pushi/vec4 0, 0, 1;
    %store/vec4 v0000021e2c53bea0_0, 0, 1;
    %pushi/vec4 0, 0, 1;
    %store/vec4 v0000021e2c552940_0, 0, 1;
    %pushi/vec4 0, 0, 1;
    %store/vec4 v0000021e2c5822b0_0, 0, 1;
    %pushi/vec4 0, 0, 32;
    %store/vec4 v0000021e2c5529e0_0, 0, 32;
    %load/vec4 v0000021e2c552760_0;
    %parti/s 5, 27, 6;
    %dup/vec4;
    %pushi/vec4 3, 0, 5;
    %cmp/u;
    %jmp/1 T_0.0, 6;
    %dup/vec4;
    %pushi/vec4 4, 0, 5;
    %cmp/u;
    %jmp/1 T_0.1, 6;
    %dup/vec4;
    %pushi/vec4 5, 0, 5;
    %cmp/u;
    %jmp/1 T_0.2, 6;
    %dup/vec4;
    %pushi/vec4 6, 0, 5;
    %cmp/u;
    %jmp/1 T_0.3, 6;
    %dup/vec4;
    %pushi/vec4 7, 0, 5;
    %cmp/u;
    %jmp/1 T_0.4, 6;
    %dup/vec4;
    %pushi/vec4 8, 0, 5;
    %cmp/u;
    %jmp/1 T_0.5, 6;
    %dup/vec4;
    %pushi/vec4 12, 0, 5;
    %cmp/u;
    %jmp/1 T_0.6, 6;
    %dup/vec4;
    %pushi/vec4 9, 0, 5;
    %cmp/u;
    %jmp/1 T_0.7, 6;
    %dup/vec4;
    %pushi/vec4 10, 0, 5;
    %cmp/u;
    %jmp/1 T_0.8, 6;
    %dup/vec4;
    %pushi/vec4 11, 0, 5;
    %cmp/u;
    %jmp/1 T_0.9, 6;
    %pushi/vec4 0, 0, 32;
    %store/vec4 v0000021e2c5529e0_0, 0, 32;
    %jmp T_0.11;
T_0.0 ;
    %load/vec4 v0000021e2c552800_0;
    %load/vec4 v0000021e2c5528a0_0;
    %add;
    %store/vec4 v0000021e2c5529e0_0, 0, 32;
    %load/vec4 v0000021e2c5529e0_0;
    %load/vec4 v0000021e2c552800_0;
    %cmp/u;
    %jmp/0xz  T_0.12, 5;
    %pushi/vec4 1, 0, 1;
    %store/vec4 v0000021e2c552940_0, 0, 1;
T_0.12 ;
    %jmp T_0.11;
T_0.1 ;
    %load/vec4 v0000021e2c552800_0;
    %load/vec4 v0000021e2c5528a0_0;
    %sub;
    %store/vec4 v0000021e2c5529e0_0, 0, 32;
    %load/vec4 v0000021e2c552800_0;
    %load/vec4 v0000021e2c5529e0_0;
    %cmp/u;
    %jmp/0xz  T_0.14, 5;
    %pushi/vec4 1, 0, 1;
    %store/vec4 v0000021e2c552940_0, 0, 1;
T_0.14 ;
    %jmp T_0.11;
T_0.2 ;
    %load/vec4 v0000021e2c552800_0;
    %load/vec4 v0000021e2c5528a0_0;
    %mul;
    %store/vec4 v0000021e2c5529e0_0, 0, 32;
    %load/vec4 v0000021e2c552800_0;
    %cmpi/ne 0, 0, 32;
    %flag_get/vec4 4;
    %jmp/0 T_0.18, 4;
    %load/vec4 v0000021e2c5529e0_0;
    %load/vec4 v0000021e2c552800_0;
    %div;
    %load/vec4 v0000021e2c5528a0_0;
    %cmp/ne;
    %flag_get/vec4 4;
    %and;
T_0.18;
    %flag_set/vec4 8;
    %jmp/0xz  T_0.16, 8;
    %pushi/vec4 1, 0, 1;
    %store/vec4 v0000021e2c552940_0, 0, 1;
T_0.16 ;
    %jmp T_0.11;
T_0.3 ;
    %load/vec4 v0000021e2c5528a0_0;
    %cmpi/ne 0, 0, 32;
    %jmp/0xz  T_0.19, 4;
    %load/vec4 v0000021e2c552800_0;
    %load/vec4 v0000021e2c5528a0_0;
    %div;
    %store/vec4 v0000021e2c5529e0_0, 0, 32;
    %load/vec4 v0000021e2c552800_0;
    %cmpi/e 2147483648, 0, 32;
    %flag_get/vec4 4;
    %jmp/0 T_0.23, 4;
    %load/vec4 v0000021e2c5528a0_0;
    %pushi/vec4 4294967295, 0, 32;
    %cmp/e;
    %flag_get/vec4 4;
    %and;
T_0.23;
    %flag_set/vec4 8;
    %jmp/0xz  T_0.21, 8;
    %pushi/vec4 1, 0, 1;
    %store/vec4 v0000021e2c552940_0, 0, 1;
T_0.21 ;
    %jmp T_0.20;
T_0.19 ;
    %pushi/vec4 0, 0, 32;
    %store/vec4 v0000021e2c5529e0_0, 0, 32;
    %pushi/vec4 1, 0, 1;
    %store/vec4 v0000021e2c5822b0_0, 0, 1;
T_0.20 ;
    %jmp T_0.11;
T_0.4 ;
    %load/vec4 v0000021e2c552800_0;
    %load/vec4 v0000021e2c5528a0_0;
    %and;
    %store/vec4 v0000021e2c5529e0_0, 0, 32;
    %jmp T_0.11;
T_0.5 ;
    %load/vec4 v0000021e2c552800_0;
    %load/vec4 v0000021e2c5528a0_0;
    %or;
    %store/vec4 v0000021e2c5529e0_0, 0, 32;
    %jmp T_0.11;
T_0.6 ;
    %load/vec4 v0000021e2c552800_0;
    %inv;
    %store/vec4 v0000021e2c5529e0_0, 0, 32;
    %jmp T_0.11;
T_0.7 ;
    %load/vec4 v0000021e2c552800_0;
    %ix/getv 4, v0000021e2c5528a0_0;
    %shiftl 4;
    %store/vec4 v0000021e2c5529e0_0, 0, 32;
    %jmp T_0.11;
T_0.8 ;
    %load/vec4 v0000021e2c552800_0;
    %ix/getv 4, v0000021e2c5528a0_0;
    %shiftr 4;
    %store/vec4 v0000021e2c5529e0_0, 0, 32;
    %jmp T_0.11;
T_0.9 ;
    %load/vec4 v0000021e2c552800_0;
    %load/vec4 v0000021e2c5528a0_0;
    %cmp/e;
    %jmp/0xz  T_0.24, 4;
    %pushi/vec4 1, 0, 1;
    %store/vec4 v0000021e2c53bea0_0, 0, 1;
    %jmp T_0.25;
T_0.24 ;
    %load/vec4 v0000021e2c5528a0_0;
    %load/vec4 v0000021e2c552800_0;
    %cmp/u;
    %jmp/0xz  T_0.26, 5;
    %pushi/vec4 1, 0, 1;
    %store/vec4 v0000021e2c57ca50_0, 0, 1;
    %jmp T_0.27;
T_0.26 ;
    %pushi/vec4 1, 0, 1;
    %store/vec4 v0000021e2c5900a0_0, 0, 1;
T_0.27 ;
T_0.25 ;
    %jmp T_0.11;
T_0.11 ;
    %pop/vec4 1;
    %jmp T_0;
    .thread T_0, $push;
    .scope S_0000021e2c5b0250;
T_1 ;
    %pushi/vec4 0, 0, 1;
    %store/vec4 v0000021e2c60a030_0, 0, 1;
    %end;
    .thread T_1;
    .scope S_0000021e2c5b0250;
T_2 ;
    %delay 5, 0;
    %load/vec4 v0000021e2c60a030_0;
    %inv;
    %store/vec4 v0000021e2c60a030_0, 0, 1;
    %jmp T_2;
    .thread T_2;
    .scope S_0000021e2c5b0250;
T_3 ;
    %pushi/vec4 5, 0, 32;
    %store/vec4 v0000021e2c60a9e0_0, 0, 32;
    %pushi/vec4 8, 0, 32;
    %store/vec4 v0000021e2c60ae40_0, 0, 32;
    %pushi/vec4 523804672, 0, 32;
    %store/vec4 v0000021e2c60a440_0, 0, 32;
    %delay 10, 0;
    %load/vec4 v0000021e2c60a9e0_0;
    %store/vec4 v0000021e2c60a9e0_0, 0, 32;
    %delay 10, 0;
    %load/vec4 v0000021e2c60ae40_0;
    %store/vec4 v0000021e2c60ae40_0, 0, 32;
    %delay 10, 0;
    %load/vec4 v0000021e2c60a440_0;
    %store/vec4 v0000021e2c60a440_0, 0, 32;
    %vpi_call 2 43 "$display", "TEST 01: ADD" {0 0 0};
    %vpi_call 2 44 "$display", "inst: %d", &PV<v0000021e2c60a440_0, 27, 5> {0 0 0};
    %vpi_call 2 45 "$display", "Operand_A: %d", v0000021e2c60a9e0_0 {0 0 0};
    %vpi_call 2 46 "$display", "Operand_B: %d", v0000021e2c60ae40_0 {0 0 0};
    %vpi_call 2 47 "$display", "Result: %d", v0000021e2c60a4e0_0 {0 0 0};
    %vpi_call 2 48 "$display", "Overflow: %b\012", v0000021e2c60b0c0_0 {0 0 0};
    %delay 10, 0;
    %pushi/vec4 4294967295, 0, 32;
    %store/vec4 v0000021e2c60a9e0_0, 0, 32;
    %pushi/vec4 1, 0, 32;
    %store/vec4 v0000021e2c60ae40_0, 0, 32;
    %pushi/vec4 523804672, 0, 32;
    %store/vec4 v0000021e2c60a440_0, 0, 32;
    %delay 10, 0;
    %load/vec4 v0000021e2c60a9e0_0;
    %store/vec4 v0000021e2c60a9e0_0, 0, 32;
    %delay 10, 0;
    %load/vec4 v0000021e2c60ae40_0;
    %store/vec4 v0000021e2c60ae40_0, 0, 32;
    %delay 10, 0;
    %load/vec4 v0000021e2c60a440_0;
    %store/vec4 v0000021e2c60a440_0, 0, 32;
    %vpi_call 2 61 "$display", "TEST 01: ADD" {0 0 0};
    %vpi_call 2 62 "$display", "inst: %d", &PV<v0000021e2c60a440_0, 27, 5> {0 0 0};
    %vpi_call 2 63 "$display", "Operand_A: %d", v0000021e2c60a9e0_0 {0 0 0};
    %vpi_call 2 64 "$display", "Operand_B: %d", v0000021e2c60ae40_0 {0 0 0};
    %vpi_call 2 65 "$display", "Result: %d", v0000021e2c60a4e0_0 {0 0 0};
    %vpi_call 2 66 "$display", "Overflow: %b\012", v0000021e2c60b0c0_0 {0 0 0};
    %delay 10, 0;
    %pushi/vec4 10, 0, 32;
    %store/vec4 v0000021e2c60a9e0_0, 0, 32;
    %pushi/vec4 3, 0, 32;
    %store/vec4 v0000021e2c60ae40_0, 0, 32;
    %pushi/vec4 658022400, 0, 32;
    %store/vec4 v0000021e2c60a440_0, 0, 32;
    %delay 10, 0;
    %load/vec4 v0000021e2c60a9e0_0;
    %store/vec4 v0000021e2c60a9e0_0, 0, 32;
    %delay 10, 0;
    %load/vec4 v0000021e2c60ae40_0;
    %store/vec4 v0000021e2c60ae40_0, 0, 32;
    %delay 10, 0;
    %load/vec4 v0000021e2c60a440_0;
    %store/vec4 v0000021e2c60a440_0, 0, 32;
    %vpi_call 2 79 "$display", "TEST 03: SUB" {0 0 0};
    %vpi_call 2 80 "$display", "inst: %d", &PV<v0000021e2c60a440_0, 27, 5> {0 0 0};
    %vpi_call 2 81 "$display", "Operand_A: %d", v0000021e2c60a9e0_0 {0 0 0};
    %vpi_call 2 82 "$display", "Operand_B: %d", v0000021e2c60ae40_0 {0 0 0};
    %vpi_call 2 83 "$display", "Result: %d", v0000021e2c60a4e0_0 {0 0 0};
    %vpi_call 2 84 "$display", "Overflow: %b\012", v0000021e2c60b0c0_0 {0 0 0};
    %delay 10, 0;
    %pushi/vec4 1, 0, 32;
    %store/vec4 v0000021e2c60a9e0_0, 0, 32;
    %pushi/vec4 4294967295, 0, 32;
    %store/vec4 v0000021e2c60ae40_0, 0, 32;
    %pushi/vec4 658022400, 0, 32;
    %store/vec4 v0000021e2c60a440_0, 0, 32;
    %delay 10, 0;
    %load/vec4 v0000021e2c60a9e0_0;
    %store/vec4 v0000021e2c60a9e0_0, 0, 32;
    %delay 10, 0;
    %load/vec4 v0000021e2c60ae40_0;
    %store/vec4 v0000021e2c60ae40_0, 0, 32;
    %delay 10, 0;
    %load/vec4 v0000021e2c60a440_0;
    %store/vec4 v0000021e2c60a440_0, 0, 32;
    %vpi_call 2 97 "$display", "TEST 04: SUB OVERFLOW" {0 0 0};
    %vpi_call 2 98 "$display", "inst: %d", &PV<v0000021e2c60a440_0, 27, 5> {0 0 0};
    %vpi_call 2 99 "$display", "Operand_A: %d", v0000021e2c60a9e0_0 {0 0 0};
    %vpi_call 2 100 "$display", "Operand_B: %d", v0000021e2c60ae40_0 {0 0 0};
    %vpi_call 2 101 "$display", "Result: %d", v0000021e2c60a4e0_0 {0 0 0};
    %vpi_call 2 102 "$display", "Overflow: %b\012", v0000021e2c60b0c0_0 {0 0 0};
    %delay 10, 0;
    %pushi/vec4 2, 0, 32;
    %store/vec4 v0000021e2c60a9e0_0, 0, 32;
    %pushi/vec4 8, 0, 32;
    %store/vec4 v0000021e2c60ae40_0, 0, 32;
    %pushi/vec4 792240128, 0, 32;
    %store/vec4 v0000021e2c60a440_0, 0, 32;
    %delay 10, 0;
    %load/vec4 v0000021e2c60a9e0_0;
    %store/vec4 v0000021e2c60a9e0_0, 0, 32;
    %delay 10, 0;
    %load/vec4 v0000021e2c60ae40_0;
    %store/vec4 v0000021e2c60ae40_0, 0, 32;
    %delay 10, 0;
    %load/vec4 v0000021e2c60a440_0;
    %store/vec4 v0000021e2c60a440_0, 0, 32;
    %vpi_call 2 115 "$display", "TEST 05: SUB OVERFLOW" {0 0 0};
    %vpi_call 2 116 "$display", "inst: %d", &PV<v0000021e2c60a440_0, 27, 5> {0 0 0};
    %vpi_call 2 117 "$display", "Operand_A: %d", v0000021e2c60a9e0_0 {0 0 0};
    %vpi_call 2 118 "$display", "Operand_B: %d", v0000021e2c60ae40_0 {0 0 0};
    %vpi_call 2 119 "$display", "Result: %d", v0000021e2c60a4e0_0 {0 0 0};
    %vpi_call 2 120 "$display", "Overflow: %b\012", v0000021e2c60b0c0_0 {0 0 0};
    %delay 10, 0;
    %pushi/vec4 2, 0, 32;
    %store/vec4 v0000021e2c60a9e0_0, 0, 32;
    %pushi/vec4 4294967295, 0, 32;
    %store/vec4 v0000021e2c60ae40_0, 0, 32;
    %pushi/vec4 792240128, 0, 32;
    %store/vec4 v0000021e2c60a440_0, 0, 32;
    %delay 10, 0;
    %load/vec4 v0000021e2c60a9e0_0;
    %store/vec4 v0000021e2c60a9e0_0, 0, 32;
    %delay 10, 0;
    %load/vec4 v0000021e2c60ae40_0;
    %store/vec4 v0000021e2c60ae40_0, 0, 32;
    %delay 10, 0;
    %load/vec4 v0000021e2c60a440_0;
    %store/vec4 v0000021e2c60a440_0, 0, 32;
    %vpi_call 2 133 "$display", "TEST 06: MUL OVERFLOW" {0 0 0};
    %vpi_call 2 134 "$display", "inst: %d", &PV<v0000021e2c60a440_0, 27, 5> {0 0 0};
    %vpi_call 2 135 "$display", "Operand_A: %d", v0000021e2c60a9e0_0 {0 0 0};
    %vpi_call 2 136 "$display", "Operand_B: %d", v0000021e2c60ae40_0 {0 0 0};
    %vpi_call 2 137 "$display", "Result: %d", v0000021e2c60a4e0_0 {0 0 0};
    %vpi_call 2 138 "$display", "Overflow: %b\012", v0000021e2c60b0c0_0 {0 0 0};
    %delay 10, 0;
    %pushi/vec4 28, 0, 32;
    %store/vec4 v0000021e2c60a9e0_0, 0, 32;
    %pushi/vec4 4, 0, 32;
    %store/vec4 v0000021e2c60ae40_0, 0, 32;
    %pushi/vec4 926457856, 0, 32;
    %store/vec4 v0000021e2c60a440_0, 0, 32;
    %delay 10, 0;
    %load/vec4 v0000021e2c60a9e0_0;
    %store/vec4 v0000021e2c60a9e0_0, 0, 32;
    %delay 10, 0;
    %load/vec4 v0000021e2c60ae40_0;
    %store/vec4 v0000021e2c60ae40_0, 0, 32;
    %delay 10, 0;
    %load/vec4 v0000021e2c60a440_0;
    %store/vec4 v0000021e2c60a440_0, 0, 32;
    %vpi_call 2 151 "$display", "TEST 07: DIV OVERFLOW" {0 0 0};
    %vpi_call 2 152 "$display", "inst: %d", &PV<v0000021e2c60a440_0, 27, 5> {0 0 0};
    %vpi_call 2 153 "$display", "Operand_A: %d", v0000021e2c60a9e0_0 {0 0 0};
    %vpi_call 2 154 "$display", "Operand_B: %d", v0000021e2c60ae40_0 {0 0 0};
    %vpi_call 2 155 "$display", "Result: %d", v0000021e2c60a4e0_0 {0 0 0};
    %vpi_call 2 156 "$display", "Overflow: %b\012", v0000021e2c60b0c0_0 {0 0 0};
    %delay 10, 0;
    %pushi/vec4 2147483648, 0, 32;
    %store/vec4 v0000021e2c60a9e0_0, 0, 32;
    %pushi/vec4 4294967295, 0, 32;
    %store/vec4 v0000021e2c60ae40_0, 0, 32;
    %pushi/vec4 926457856, 0, 32;
    %store/vec4 v0000021e2c60a440_0, 0, 32;
    %delay 10, 0;
    %load/vec4 v0000021e2c60a9e0_0;
    %store/vec4 v0000021e2c60a9e0_0, 0, 32;
    %delay 10, 0;
    %load/vec4 v0000021e2c60ae40_0;
    %store/vec4 v0000021e2c60ae40_0, 0, 32;
    %delay 10, 0;
    %load/vec4 v0000021e2c60a440_0;
    %store/vec4 v0000021e2c60a440_0, 0, 32;
    %vpi_call 2 169 "$display", "TEST 08: DIV OVERFLOW" {0 0 0};
    %vpi_call 2 170 "$display", "inst: %d", &PV<v0000021e2c60a440_0, 27, 5> {0 0 0};
    %vpi_call 2 171 "$display", "Operand_A: %b", v0000021e2c60a9e0_0 {0 0 0};
    %vpi_call 2 172 "$display", "Operand_B: %b", v0000021e2c60ae40_0 {0 0 0};
    %vpi_call 2 173 "$display", "Result: %d", v0000021e2c60a4e0_0 {0 0 0};
    %vpi_call 2 174 "$display", "Overflow: %b\012", v0000021e2c60b0c0_0 {0 0 0};
    %delay 10, 0;
    %pushi/vec4 1, 0, 32;
    %store/vec4 v0000021e2c60a9e0_0, 0, 32;
    %pushi/vec4 1, 0, 32;
    %store/vec4 v0000021e2c60ae40_0, 0, 32;
    %pushi/vec4 1060675584, 0, 32;
    %store/vec4 v0000021e2c60a440_0, 0, 32;
    %delay 10, 0;
    %load/vec4 v0000021e2c60a9e0_0;
    %store/vec4 v0000021e2c60a9e0_0, 0, 32;
    %delay 10, 0;
    %load/vec4 v0000021e2c60ae40_0;
    %store/vec4 v0000021e2c60ae40_0, 0, 32;
    %delay 10, 0;
    %load/vec4 v0000021e2c60a440_0;
    %store/vec4 v0000021e2c60a440_0, 0, 32;
    %vpi_call 2 187 "$display", "TEST 09: AND" {0 0 0};
    %vpi_call 2 188 "$display", "inst: %d", &PV<v0000021e2c60a440_0, 27, 5> {0 0 0};
    %vpi_call 2 189 "$display", "Operand_A: %b", v0000021e2c60a9e0_0 {0 0 0};
    %vpi_call 2 190 "$display", "Operand_B: %b", v0000021e2c60ae40_0 {0 0 0};
    %vpi_call 2 191 "$display", "Result: %d", v0000021e2c60a4e0_0 {0 0 0};
    %vpi_call 2 192 "$display", "Overflow: %b\012", v0000021e2c60b0c0_0 {0 0 0};
    %delay 10, 0;
    %vpi_call 2 196 "$finish" {0 0 0};
    %end;
    .thread T_3;
# The file index is used to find the file name in the following table.
:file_names 4;
    "N/A";
    "<interactive>";
    "ula_tb.v";
    "./ula.v";
