#! /c/Source/iverilog-install/bin/vvp
:ivl_version "12.0 (devel)" "(s20150603-1539-g2693dd32b)";
:ivl_delay_selection "TYPICAL";
:vpi_time_precision + 0;
:vpi_module "C:\iverilog\lib\ivl\system.vpi";
:vpi_module "C:\iverilog\lib\ivl\vhdl_sys.vpi";
:vpi_module "C:\iverilog\lib\ivl\vhdl_textio.vpi";
:vpi_module "C:\iverilog\lib\ivl\v2005_math.vpi";
:vpi_module "C:\iverilog\lib\ivl\va_math.vpi";
S_000001a8ae582840 .scope module, "stack" "stack" 2 1;
 .timescale 0 0;
    .port_info 0 /INPUT 1 "clk";
    .port_info 1 /INPUT 1 "reset";
    .port_info 2 /INPUT 1 "push";
    .port_info 3 /INPUT 1 "pop";
    .port_info 4 /INPUT 16 "data_in";
    .port_info 5 /OUTPUT 16 "data_out";
    .port_info 6 /OUTPUT 1 "full";
    .port_info 7 /OUTPUT 1 "empty";
P_000001a8ae582e50 .param/l "DEPTH" 0 2 2, +C4<00000000000000000000000000001010>;
P_000001a8ae582e88 .param/l "WIDTH_DATA" 0 2 2, +C4<00000000000000000000000000010000>;
o000001a8ae5bbf78 .functor BUFZ 1, C4<z>; HiZ drive
v000001a8ae582d00_0 .net "clk", 0 0, o000001a8ae5bbf78;  0 drivers
o000001a8ae5bbfa8 .functor BUFZ 16, C4<zzzzzzzzzzzzzzzz>; HiZ drive
v000001a8ae583070_0 .net "data_in", 15 0, o000001a8ae5bbfa8;  0 drivers
v000001a8ae68be80_0 .var "data_out", 15 0;
v000001a8ae68bf20_0 .var "empty", 0 0;
v000001a8ae5829d0_0 .var "full", 0 0;
o000001a8ae5bc068 .functor BUFZ 1, C4<z>; HiZ drive
v000001a8ae582a70_0 .net "pop", 0 0, o000001a8ae5bc068;  0 drivers
o000001a8ae5bc098 .functor BUFZ 1, C4<z>; HiZ drive
v000001a8ae582b10_0 .net "push", 0 0, o000001a8ae5bc098;  0 drivers
o000001a8ae5bc0c8 .functor BUFZ 1, C4<z>; HiZ drive
v000001a8ae601000_0 .net "reset", 0 0, o000001a8ae5bc0c8;  0 drivers
v000001a8ae6010a0 .array "stack", 0 9, 15 0;
v000001a8ae601140_0 .var "topPositionStack", 9 0;
v000001a8ae6011e0_0 .var "topPositionStack_next", 9 0;
E_000001a8ae68b2e0 .event posedge, v000001a8ae582d00_0;
E_000001a8ae68ade0/0 .event anyedge, v000001a8ae582b10_0, v000001a8ae5829d0_0, v000001a8ae601140_0, v000001a8ae582a70_0;
E_000001a8ae68ade0/1 .event anyedge, v000001a8ae68bf20_0;
E_000001a8ae68ade0 .event/or E_000001a8ae68ade0/0, E_000001a8ae68ade0/1;
E_000001a8ae68b320 .event negedge, v000001a8ae582d00_0;
E_000001a8ae68aea0 .event anyedge, v000001a8ae601140_0;
    .scope S_000001a8ae582840;
T_0 ;
    %pushi/vec4 0, 0, 10;
    %store/vec4 v000001a8ae601140_0, 0, 10;
    %pushi/vec4 0, 0, 10;
    %store/vec4 v000001a8ae6011e0_0, 0, 10;
    %end;
    .thread T_0;
    .scope S_000001a8ae582840;
T_1 ;
    %wait E_000001a8ae68aea0;
    %load/vec4 v000001a8ae601140_0;
    %pushi/vec4 1023, 0, 10;
    %cmp/e;
    %flag_get/vec4 4;
    %store/vec4 v000001a8ae5829d0_0, 0, 1;
    %load/vec4 v000001a8ae601140_0;
    %pushi/vec4 0, 0, 10;
    %cmp/e;
    %flag_get/vec4 4;
    %store/vec4 v000001a8ae68bf20_0, 0, 1;
    %jmp T_1;
    .thread T_1, $push;
    .scope S_000001a8ae582840;
T_2 ;
    %wait E_000001a8ae68b320;
    %vpi_call 2 26 "$display", "STACK - data_out: %d", v000001a8ae68be80_0 {0 0 0};
    %load/vec4 v000001a8ae601000_0;
    %flag_set/vec4 8;
    %jmp/0xz  T_2.0, 8;
    %pushi/vec4 0, 0, 10;
    %assign/vec4 v000001a8ae601140_0, 0;
    %pushi/vec4 0, 0, 1;
    %assign/vec4 v000001a8ae5829d0_0, 0;
    %pushi/vec4 1, 0, 1;
    %assign/vec4 v000001a8ae68bf20_0, 0;
    %pushi/vec4 0, 0, 16;
    %assign/vec4 v000001a8ae68be80_0, 0;
    %jmp T_2.1;
T_2.0 ;
    %load/vec4 v000001a8ae582b10_0;
    %flag_set/vec4 9;
    %flag_get/vec4 9;
    %jmp/0 T_2.4, 9;
    %load/vec4 v000001a8ae5829d0_0;
    %nor/r;
    %and;
T_2.4;
    %flag_set/vec4 8;
    %jmp/0xz  T_2.2, 8;
    %vpi_call 2 34 "$display", "Pushing %d", v000001a8ae583070_0 {0 0 0};
    %load/vec4 v000001a8ae583070_0;
    %ix/getv 3, v000001a8ae601140_0;
    %ix/load 4, 0, 0; Constant delay
    %assign/vec4/a/d v000001a8ae6010a0, 0, 4;
    %pushi/vec4 0, 0, 16;
    %assign/vec4 v000001a8ae68be80_0, 0;
    %jmp T_2.3;
T_2.2 ;
    %load/vec4 v000001a8ae582a70_0;
    %flag_set/vec4 9;
    %flag_get/vec4 9;
    %jmp/0 T_2.7, 9;
    %load/vec4 v000001a8ae68bf20_0;
    %nor/r;
    %and;
T_2.7;
    %flag_set/vec4 8;
    %jmp/0xz  T_2.5, 8;
    %load/vec4 v000001a8ae601140_0;
    %pad/u 32;
    %subi 1, 0, 32;
    %ix/vec4 4;
    %load/vec4a v000001a8ae6010a0, 4;
    %vpi_call 2 39 "$display", "Popping %d", S<0,vec4,u16> {1 0 0};
    %load/vec4 v000001a8ae601140_0;
    %pad/u 32;
    %subi 1, 0, 32;
    %ix/vec4 4;
    %load/vec4a v000001a8ae6010a0, 4;
    %assign/vec4 v000001a8ae68be80_0, 0;
    %jmp T_2.6;
T_2.5 ;
    %pushi/vec4 0, 0, 16;
    %assign/vec4 v000001a8ae68be80_0, 0;
T_2.6 ;
T_2.3 ;
T_2.1 ;
    %jmp T_2;
    .thread T_2;
    .scope S_000001a8ae582840;
T_3 ;
    %wait E_000001a8ae68ade0;
    %load/vec4 v000001a8ae582b10_0;
    %flag_set/vec4 9;
    %flag_get/vec4 9;
    %jmp/0 T_3.2, 9;
    %load/vec4 v000001a8ae5829d0_0;
    %nor/r;
    %and;
T_3.2;
    %flag_set/vec4 8;
    %jmp/0xz  T_3.0, 8;
    %load/vec4 v000001a8ae601140_0;
    %addi 1, 0, 10;
    %store/vec4 v000001a8ae6011e0_0, 0, 10;
    %jmp T_3.1;
T_3.0 ;
    %load/vec4 v000001a8ae582a70_0;
    %flag_set/vec4 9;
    %flag_get/vec4 9;
    %jmp/0 T_3.5, 9;
    %load/vec4 v000001a8ae68bf20_0;
    %nor/r;
    %and;
T_3.5;
    %flag_set/vec4 8;
    %jmp/0xz  T_3.3, 8;
    %load/vec4 v000001a8ae601140_0;
    %subi 1, 0, 10;
    %store/vec4 v000001a8ae6011e0_0, 0, 10;
    %jmp T_3.4;
T_3.3 ;
    %load/vec4 v000001a8ae601140_0;
    %store/vec4 v000001a8ae6011e0_0, 0, 10;
T_3.4 ;
T_3.1 ;
    %jmp T_3;
    .thread T_3, $push;
    .scope S_000001a8ae582840;
T_4 ;
    %wait E_000001a8ae68b2e0;
    %load/vec4 v000001a8ae601000_0;
    %nor/r;
    %flag_set/vec4 8;
    %jmp/0xz  T_4.0, 8;
    %load/vec4 v000001a8ae6011e0_0;
    %assign/vec4 v000001a8ae601140_0, 0;
T_4.0 ;
    %jmp T_4;
    .thread T_4;
# The file index is used to find the file name in the following table.
:file_names 3;
    "N/A";
    "<interactive>";
    "stack.v";
