#! /c/Source/iverilog-install/bin/vvp
:ivl_version "12.0 (devel)" "(s20150603-1539-g2693dd32b)";
:ivl_delay_selection "TYPICAL";
:vpi_time_precision + 0;
:vpi_module "C:\iverilog\lib\ivl\system.vpi";
:vpi_module "C:\iverilog\lib\ivl\vhdl_sys.vpi";
:vpi_module "C:\iverilog\lib\ivl\vhdl_textio.vpi";
:vpi_module "C:\iverilog\lib\ivl\v2005_math.vpi";
:vpi_module "C:\iverilog\lib\ivl\va_math.vpi";
S_000001f5b6962730 .scope module, "alu" "alu" 2 1;
 .timescale 0 0;
    .port_info 0 /INPUT 16 "operand_a";
    .port_info 1 /INPUT 16 "operand_b";
    .port_info 2 /INPUT 5 "op_code";
    .port_info 3 /OUTPUT 16 "result";
P_000001f5b69628c0 .param/l "ADD" 1 2 13, +C4<00000000000000000000000000000100>;
P_000001f5b69628f8 .param/l "AND" 1 2 17, +C4<00000000000000000000000000001000>;
P_000001f5b6962930 .param/l "CMP" 1 2 21, +C4<00000000000000000000000000001100>;
P_000001f5b6962968 .param/l "DIV" 1 2 16, +C4<00000000000000000000000000000111>;
P_000001f5b69629a0 .param/l "MUL" 1 2 15, +C4<00000000000000000000000000000110>;
P_000001f5b69629d8 .param/l "NAND" 1 2 18, +C4<00000000000000000000000000001001>;
P_000001f5b6962a10 .param/l "NOT" 1 2 22, +C4<00000000000000000000000000001101>;
P_000001f5b6962a48 .param/l "OR" 1 2 19, +C4<00000000000000000000000000001010>;
P_000001f5b6962a80 .param/l "SUB" 1 2 14, +C4<00000000000000000000000000000101>;
P_000001f5b6962ab8 .param/l "WIDTH_DATA" 0 2 2, +C4<00000000000000000000000000010000>;
P_000001f5b6962af0 .param/l "XOR" 1 2 20, +C4<00000000000000000000000000001011>;
o000001f5b699bf88 .functor BUFZ 5, C4<zzzzz>; HiZ drive
v000001f5b6962b30_0 .net "op_code", 4 0, o000001f5b699bf88;  0 drivers
o000001f5b699bfb8 .functor BUFZ 16, C4<zzzzzzzzzzzzzzzz>; HiZ drive
v000001f5b6962d70_0 .net "operand_a", 15 0, o000001f5b699bfb8;  0 drivers
o000001f5b699bfe8 .functor BUFZ 16, C4<zzzzzzzzzzzzzzzz>; HiZ drive
v000001f5b69631c0_0 .net "operand_b", 15 0, o000001f5b699bfe8;  0 drivers
v000001f5b69934a0_0 .var "result", 15 0;
E_000001f5b6985720 .event anyedge, v000001f5b6962b30_0, v000001f5b6962d70_0, v000001f5b69631c0_0;
    .scope S_000001f5b6962730;
T_0 ;
    %wait E_000001f5b6985720;
    %pushi/vec4 0, 0, 16;
    %store/vec4 v000001f5b69934a0_0, 0, 16;
    %load/vec4 v000001f5b6962b30_0;
    %dup/vec4;
    %pushi/vec4 4, 0, 5;
    %cmp/u;
    %jmp/1 T_0.0, 6;
    %dup/vec4;
    %pushi/vec4 5, 0, 5;
    %cmp/u;
    %jmp/1 T_0.1, 6;
    %dup/vec4;
    %pushi/vec4 6, 0, 5;
    %cmp/u;
    %jmp/1 T_0.2, 6;
    %dup/vec4;
    %pushi/vec4 7, 0, 5;
    %cmp/u;
    %jmp/1 T_0.3, 6;
    %dup/vec4;
    %pushi/vec4 8, 0, 5;
    %cmp/u;
    %jmp/1 T_0.4, 6;
    %dup/vec4;
    %pushi/vec4 9, 0, 5;
    %cmp/u;
    %jmp/1 T_0.5, 6;
    %dup/vec4;
    %pushi/vec4 10, 0, 5;
    %cmp/u;
    %jmp/1 T_0.6, 6;
    %dup/vec4;
    %pushi/vec4 13, 0, 5;
    %cmp/u;
    %jmp/1 T_0.7, 6;
    %dup/vec4;
    %pushi/vec4 12, 0, 5;
    %cmp/u;
    %jmp/1 T_0.8, 6;
    %pushi/vec4 0, 0, 16;
    %store/vec4 v000001f5b69934a0_0, 0, 16;
    %jmp T_0.10;
T_0.0 ;
    %load/vec4 v000001f5b6962d70_0;
    %load/vec4 v000001f5b69631c0_0;
    %add;
    %store/vec4 v000001f5b69934a0_0, 0, 16;
    %jmp T_0.10;
T_0.1 ;
    %load/vec4 v000001f5b6962d70_0;
    %load/vec4 v000001f5b69631c0_0;
    %sub;
    %store/vec4 v000001f5b69934a0_0, 0, 16;
    %jmp T_0.10;
T_0.2 ;
    %load/vec4 v000001f5b6962d70_0;
    %load/vec4 v000001f5b69631c0_0;
    %mul;
    %store/vec4 v000001f5b69934a0_0, 0, 16;
    %jmp T_0.10;
T_0.3 ;
    %load/vec4 v000001f5b69631c0_0;
    %pad/u 32;
    %cmpi/ne 0, 0, 32;
    %jmp/0xz  T_0.11, 4;
    %load/vec4 v000001f5b6962d70_0;
    %load/vec4 v000001f5b69631c0_0;
    %div;
    %store/vec4 v000001f5b69934a0_0, 0, 16;
    %jmp T_0.12;
T_0.11 ;
    %pushi/vec4 0, 0, 16;
    %store/vec4 v000001f5b69934a0_0, 0, 16;
T_0.12 ;
    %jmp T_0.10;
T_0.4 ;
    %load/vec4 v000001f5b6962d70_0;
    %load/vec4 v000001f5b69631c0_0;
    %and;
    %store/vec4 v000001f5b69934a0_0, 0, 16;
    %jmp T_0.10;
T_0.5 ;
    %load/vec4 v000001f5b6962d70_0;
    %load/vec4 v000001f5b69631c0_0;
    %and;
    %inv;
    %store/vec4 v000001f5b69934a0_0, 0, 16;
    %jmp T_0.10;
T_0.6 ;
    %load/vec4 v000001f5b6962d70_0;
    %load/vec4 v000001f5b69631c0_0;
    %or;
    %store/vec4 v000001f5b69934a0_0, 0, 16;
    %jmp T_0.10;
T_0.7 ;
    %load/vec4 v000001f5b6962d70_0;
    %inv;
    %store/vec4 v000001f5b69934a0_0, 0, 16;
    %jmp T_0.10;
T_0.8 ;
    %load/vec4 v000001f5b6962d70_0;
    %load/vec4 v000001f5b69631c0_0;
    %cmp/e;
    %jmp/0xz  T_0.13, 4;
    %pushi/vec4 0, 0, 16;
    %store/vec4 v000001f5b69934a0_0, 0, 16;
    %jmp T_0.14;
T_0.13 ;
    %load/vec4 v000001f5b69631c0_0;
    %load/vec4 v000001f5b6962d70_0;
    %cmp/u;
    %jmp/0xz  T_0.15, 5;
    %pushi/vec4 1, 0, 16;
    %store/vec4 v000001f5b69934a0_0, 0, 16;
    %jmp T_0.16;
T_0.15 ;
    %pushi/vec4 65535, 0, 16;
    %store/vec4 v000001f5b69934a0_0, 0, 16;
T_0.16 ;
T_0.14 ;
    %jmp T_0.10;
T_0.10 ;
    %pop/vec4 1;
    %jmp T_0;
    .thread T_0, $push;
# The file index is used to find the file name in the following table.
:file_names 3;
    "N/A";
    "<interactive>";
    "alu.v";
